/storage/home/ejm6426/.conda/envs/rba/lib/python3.12/site-packages/cobra/util/solver.py:554: UserWarning: Solver status is 'infeasible'.
  warn(f"Solver status is '{status}'.", UserWarning)
/scratch/ejm6426/rtRBA-main/application/A1_run_yield_predictions.py:443: RuntimeWarning: divide by zero encountered in scalar divide
  fba_results[p]['yield'] = -prod_info[p_for_mw]['MW (g/mol)']*fba[objrxns]/(-g_all_substrates)
/scratch/ejm6426/rtRBA-main/application/A1_run_yield_predictions.py:447: RuntimeWarning: divide by zero encountered in scalar divide
  print(objrxns+' flux / '+c['rxn']+' flux: '+str(fba[objrxns]/c['v']))
--- Job runRBA_max_prod.gms Start 08/01/24 15:39:21 42.1.0 cb854401 LEX-LEG x86 64bit/Linux
--- Applying:
    /storage/icds/RISE/sw8/gams/gams42.1_linux_x64_64_sfx/gmsprmun.txt
--- GAMS Parameters defined
    Input /storage/home/ejm6426/scratch/rtRBA-main/application/output_max/sesqt/runRBA_max_prod.gms
    Output /dev/null
    ScrDir /storage/home/ejm6426/scratch/rtRBA-main/application/output_max/sesqt/225a/
    SysDir /storage/icds/RISE/sw8/gams/gams42.1_linux_x64_64_sfx/
    --carbonSlack 0
    --vprod RXNADD-EX_sesqt_e_FWD-SPONT
Licensee: Single User License                            G231219|0002AO-LNX
          The Pennsylvania State University, Institute for CyberDC15032-S17
          /storage/icds/RISE/sw8/gams/gams42.1_linux_x64_64_sfx/gamslice.txt
          License Admin: Rob Groner, rug262@psu.edu                        
Processor information: 2 socket(s), 24 core(s), and 24 thread(s) available
GAMS 42.1.0   Copyright (C) 1987-2023 GAMS Development. All rights reserved
--- Starting compilation
--- runRBA_max_prod.gms(6) 2 Mb
--- . runRBA_GAMS_settings.txt(20) 2 Mb
--- runRBA_max_prod.gms(32) 2 Mb
--- . RBA_species.txt(4802) 3 Mb
--- runRBA_max_prod.gms(34) 3 Mb
--- . RBA_rxns.txt(10778) 5 Mb
--- runRBA_max_prod.gms(36) 5 Mb
--- . RBA_rxns_prosyn.txt(1381) 5 Mb
--- runRBA_max_prod.gms(38) 5 Mb
--- . RBA_rxns_prowaste.txt(1380) 5 Mb
--- runRBA_max_prod.gms(40) 5 Mb
--- . RBA_nuc_translation.txt(1372) 5 Mb
--- runRBA_max_prod.gms(42) 5 Mb
--- . RBA_mito_translation.txt(9) 5 Mb
--- runRBA_max_prod.gms(44) 5 Mb
--- . RBA_rxns_EXREV.txt(190) 5 Mb
--- runRBA_max_prod.gms(46) 5 Mb
--- . RBA_rxns_EXREV_YNB_RabinowitzVersion.txt(30) 5 Mb
--- runRBA_max_prod.gms(48) 5 Mb
--- . RBA_rxns_whole_biomass.txt(4) 5 Mb
--- runRBA_max_prod.gms(50) 5 Mb
--- . RBA_rxns_add.txt(118) 5 Mb
--- runRBA_max_prod.gms(55) 5 Mb
--- . RBA_sij.txt(34621) 5 Mb--- . RBA_sij.txt(50084) 5 Mb--- . RBA_sij.txt(90652) 8 Mb
--- runRBA_max_prod.gms(57) 8 Mb
--- . RBA_proteinLength.txt(1381) 8 Mb
--- runRBA_max_prod.gms(59) 8 Mb
--- . kapp_Glc_lim_per_hour.txt(2592) 8 Mb
--- runRBA_max_prod.gms(87) 8 Mb
--- . phenotype.txt(2) 8 Mb
--- .. RBA_GAMS_defaults_from_FBA.txt(1) 8 Mb
--- ... phenotype_common.txt(8) 8 Mb
--- .... model-version-settings.txt(4) 8 Mb
--- ... phenotype_common.txt(23) 8 Mb
--- .. RBA_GAMS_defaults_from_FBA.txt(551) 8 Mb
--- . phenotype.txt(4) 8 Mb
--- runRBA_max_prod.gms(95) 8 Mb
--- . RBA_enzCapacityConstraints_declares.txt(2596) 8 Mb
--- runRBA_max_prod.gms(104) 8 Mb
--- . RBA_enzCapacityConstraints_eqns_equality_version.txt(2596) 8 Mb
--- runRBA_max_prod.gms(126) 9 Mb
--- Starting execution: elapsed 0:00:00.445
--- runRBA_max_prod.gms(115002) 10 Mb--- runRBA_max_prod.gms(120592) 10 Mb
--- Generating LP model rba
--- runRBA_max_prod.gms(117986) 17 Mb--- runRBA_max_prod.gms(120595) 18 Mb
---   7,402 rows  10,777 columns  97,223 non-zeroes
--- Range statistics (absolute non-zero finite values)
--- RHS       [min, max] : [        NA,        NA] - Zero values observed as well
--- Bound     [min, max] : [ 1.000E+01, 1.000E+06] - Zero values observed as well
--- Matrix    [min, max] : [ 1.512E-05, 3.047E+08]
--- Executing SOPLEX (Solvelink=2): elapsed 0:00:00.580

SoPlex           42.1.0 cb854401 Feb 1, 2023           LEG x86 64bit/Linux    

SoPlex version 6.0 (f900e3d0) [PaPILO 2.1 (2fe2543)]
Copyright (c) 1996-2022 Konrad-Zuse-Zentrum fuer Informationstechnik Berlin (ZIB)

Loading settings file </storage/home/ejm6426/scratch/rtRBA-main/application/output_max/sesqt/soplex.opt> . . .Parameter settings:

int:objsense = -1
int:iterlimit = 1000000
int:timer = 2
real:feastol = 1.00000000e-12
real:opttol = 1.00000000e-10
real:timelimit = 6.00000000e+02
real:fpfeastol = 1.00000000e-12
real:fpopttol = 1.00000000e-12

Initial floating-point solve . . .
Simplifier removed 5907 rows, 7799 columns, 43741 nonzeros, 1782 col bounds, 117097 row bounds
Reduced LP has 1494 rows 2977 columns 52946 nonzeros
Equilibrium scaling LP

type |   time |   iters | facts |    shift | viol sum | viol num | obj value 
  L  |    0.0 |       0 |     1 | 0.00e+00 | 8.97e+07 |      118 | -1.00000000e+06
  L  |    0.0 |     199 |     2 | 0.00e+00 | 8.96e+07 |      207 | -3.33333333e+05
  L  |    0.0 |     399 |     4 | 0.00e+00 | 1.31e+08 |      239 | -3.33333333e+05
  L  |    0.1 |     599 |     7 | 2.28e-08 | 7.14e+07 |      322 | -3.33333334e+05
  L  |    0.1 |     799 |     9 | 2.28e-08 | 2.36e+08 |      383 | -3.33333333e+05
  L  |    0.1 |     999 |    10 | 2.30e-08 | 7.43e+09 |      468 | -3.33333326e+05
  L  |    0.2 |    1199 |    11 | 2.31e-08 | 1.10e+11 |      561 | -3.33332867e+05
  L  |    0.2 |    1399 |    12 | 2.31e-08 | 4.07e+09 |      581 | -1.71122096e+05
  L  |    0.2 |    1599 |    15 | 8.12e-09 | 9.64e+09 |      512 | -1.70026695e+05
  L  |    0.3 |    1799 |    16 | 8.12e-09 | 2.05e+10 |      475 | -1.69223992e+05
  L  |    0.3 |    1999 |    17 | 8.12e-09 | 3.71e+09 |      521 | -1.68705620e+05
  L  |    0.4 |    2199 |    18 | 8.12e-09 | 1.09e+09 |      526 | -1.68316291e+05
  L  |    0.4 |    2399 |    19 | 8.12e-09 | 1.76e+09 |      514 | -1.67976070e+05
  L  |    0.4 |    2599 |    20 | 8.12e-09 | 8.62e+09 |      477 | -1.67608141e+05
  L  |    0.5 |    2792 |    21 | 4.52e-05 | 1.14e+09 |      467 | -1.67118372e+05
  L  |    0.5 |    2987 |    23 | 1.71e-04 | 1.11e+09 |      461 | -1.66991987e+05
  L  |    0.6 |    3183 |    24 | 3.13e-04 | 2.56e+09 |      447 | -1.66880253e+05
  L  |    0.6 |    3380 |    26 | 3.30e-04 | 8.95e+08 |      375 | -1.66827983e+05
  L  |    0.7 |    3579 |    27 | 4.23e-04 | 4.64e+08 |      387 | -1.66812245e+05
  L  |    0.7 |    3775 |    29 | 5.36e-04 | 2.34e+09 |      384 | -1.66753716e+05
  L  |    0.8 |    3968 |    32 | 7.97e-04 | 3.72e+08 |      335 | -1.66734862e+05
  L  |    0.8 |    4164 |    33 | 1.11e-03 | 8.68e+08 |      375 | -1.66726041e+05
  L  |    0.9 |    4360 |    34 | 1.33e-03 | 1.44e+09 |      378 | -1.66711133e+05
  L  |    0.9 |    4558 |    36 | 8.07e-04 | 2.68e+08 |      348 | -1.66715999e+05
  L  |    1.0 |    4758 |    37 | 8.07e-04 | 1.51e+08 |      275 | -1.66669835e+05
  L  |    1.0 |    4957 |    38 | 8.15e-04 | 4.53e+11 |      320 | -1.66632183e+05
  L  |    1.1 |    5156 |    39 | 8.27e-04 | 1.52e+08 |      280 | -1.66556569e+05
  L  |    1.1 |    5356 |    40 | 8.29e-04 | 1.02e+08 |      261 | -1.66481698e+05
  L  |    1.2 |    5556 |    41 | 8.43e-04 | 1.27e+09 |      256 | -1.64892800e+05
  L  |    1.2 |    5751 |    42 | 8.69e-04 | 6.11e+07 |      326 | -1.05452992e+05
type |   time |   iters | facts |    shift | viol sum | viol num | obj value 
  L  |    1.3 |    5950 |    45 | 8.69e-04 | 6.34e+07 |      310 | -6.56210047e+04
  L  |    1.3 |    6148 |    47 | 5.55e-04 | 3.37e+07 |      298 | -2.16345871e+04
  L  |    1.4 |    6347 |    48 | 5.67e-04 | 4.20e+06 |      189 | -1.41234213e+04
  L  |    1.5 |    6547 |    49 | 5.67e-04 | 2.33e+06 |      228 | -4.04573068e+03
  L  |    1.5 |    6705 |    49 | 8.23e-04 | 6.87e+05 |      228 | -9.18976262e+02
  L  |    1.6 |    6843 |    50 | 1.21e-03 | 4.35e+04 |      190 | -6.60822821e+02
  L  |    1.6 |    7013 |    51 | 1.22e-03 | 4.13e+04 |      164 | -4.85345165e+02
  L  |    1.7 |    7194 |    52 | 1.22e-03 | 8.00e+03 |      197 | -4.21164298e+02
  L  |    1.7 |    7330 |    53 | 1.25e-03 | 2.57e+04 |       88 | -2.53779564e+02
  L  |    1.7 |    7421 |    53 | 1.25e-03 | 2.53e+04 |       88 | -2.22398360e+02
  L  |    1.8 |    7481 |    55 | 1.87e-02 | 8.57e-02 |       23 | -2.22386764e+02
  L  |    1.8 |    7490 |    56 | 1.99e-02 | 1.16e-04 |       14 | -2.22040446e+02

Floating-point infeasible.
Setting up LP to test for feasibility.
Initial floating-point solve . . .
Simplifier removed 5864 rows, 7744 columns, 42786 nonzeros, 126 col bounds, 116745 row bounds
Reduced LP has 1537 rows 3033 columns 53965 nonzeros
Equilibrium scaling LP

  L  |    0.0 |       0 |     1 | 0.00e+00 | 1.13e+05 |       96 | -1.00000000e+00
  L  |    0.0 |     143 |     3 | 0.00e+00 | 7.74e+04 |      158 | -1.00000000e+00
  L  |    0.0 |     343 |     5 | 0.00e+00 | 2.77e+05 |      134 | -1.00000000e+00
  L  |    0.1 |     543 |     9 | 0.00e+00 | 8.36e+04 |      286 | -1.00000000e+00
  L  |    0.1 |     743 |    10 | 1.55e-08 | 1.83e+05 |      292 | -9.99999744e-01
  L  |    0.1 |     943 |    13 | 1.55e-08 | 8.22e+05 |      281 | -9.99998506e-01
  L  |    0.2 |    1143 |    14 | 1.56e-08 | 1.16e+04 |      299 | -9.99995306e-01
  L  |    0.2 |    1343 |    16 | 1.56e-08 | 4.14e+04 |      257 | -9.99994502e-01
  L  |    0.3 |    1543 |    18 | 8.57e-09 | 6.49e+02 |      191 | -9.99993644e-01
  L  |    0.3 |    1743 |    19 | 8.61e-09 | 1.09e+02 |      121 | -9.99993372e-01
  L  |    0.4 |    1943 |    20 | 8.61e-09 | 2.71e+02 |       82 | -9.99992905e-01
  L  |    0.4 |    2136 |    21 | 6.38e-07 | 1.59e+04 |       76 | -9.99955117e-01
  L  |    0.5 |    2251 |    22 | 2.39e-04 | 1.41e+05 |       92 | -2.51815615e-01
  L  |    0.5 |    2340 |    23 | 1.02e-02 | 6.62e-05 |       10 | 6.11476890e-02

Numerical troubles during floating-point solve.
Turning off preprocessing.

  L  |    0.0 |       0 |     1 | 0.00e+00 | 1.10e+05 |       14 | -1.00000000e+00
  L  |    0.0 |      90 |     1 | 0.00e+00 | 3.49e+05 |       14 | -1.00000000e+00
  L  |    0.1 |     290 |     2 | 0.00e+00 | 1.66e+05 |       96 | -1.00000000e+00
  L  |    0.1 |     490 |     3 | 0.00e+00 | 3.58e+05 |      158 | -1.00000000e+00
  L  |    0.2 |     690 |     4 | 0.00e+00 | 2.68e+05 |      286 | -1.00000000e+00
  L  |    0.2 |     890 |     5 | 0.00e+00 | 3.28e+05 |      424 | -1.00000000e+00
  L  |    0.3 |    1090 |     6 | 0.00e+00 | 4.08e+05 |      431 | -1.00000000e+00
  L  |    0.4 |    1290 |     7 | 3.66e-08 | 3.57e+06 |      351 | -9.99999841e-01
type |   time |   iters | facts |    shift | viol sum | viol num | obj value 
  L  |    0.4 |    1489 |     8 | 3.67e-08 | 9.77e+05 |      382 | -9.99999364e-01
  L  |    0.5 |    1686 |     9 | 3.69e-08 | 1.90e+05 |      641 | -9.99999226e-01
  L  |    0.6 |    1884 |    10 | 4.12e-08 | 1.27e+05 |      579 | -9.99998717e-01
  L  |    0.7 |    2075 |    11 | 4.33e-08 | 1.01e+05 |      563 | -9.99998553e-01
  L  |    0.8 |    2274 |    12 | 4.53e-08 | 1.39e+06 |      558 | -9.99998130e-01
  L  |    0.8 |    2469 |    13 | 7.42e-08 | 2.30e+05 |      468 | -9.99978115e-01
  L  |    0.9 |    2663 |    14 | 3.20e-07 | 3.50e+04 |      525 | -9.99961798e-01
  L  |    1.0 |    2862 |    15 | 4.56e-07 | 4.29e+03 |      604 | -9.99958869e-01
  L  |    1.1 |    3058 |    16 | 8.21e-07 | 3.16e+06 |      586 | -9.99936633e-01
  L  |    1.1 |    3258 |    17 | 1.09e-06 | 6.54e+04 |      590 | -9.99936633e-01
  L  |    1.2 |    3458 |    18 | 1.36e-06 | 9.93e+06 |      583 | -9.99936633e-01
  L  |    1.3 |    3652 |    19 | 3.23e-06 | 7.02e+04 |      513 | -9.99897489e-01
  L  |    1.4 |    3850 |    20 | 1.53e-04 | 7.61e+03 |      553 | -9.99806630e-01
  L  |    1.5 |    4050 |    21 | 1.94e-04 | 1.95e+04 |      627 | -9.99806630e-01
  L  |    1.6 |    4249 |    22 | 2.16e-04 | 3.96e+03 |      599 | -9.99797493e-01
  L  |    1.7 |    4440 |    23 | 2.27e-04 | 4.54e+03 |      590 | -9.99767639e-01
  L  |    1.7 |    4631 |    24 | 2.36e-04 | 2.97e+03 |      589 | -9.99747352e-01
  L  |    1.8 |    4816 |    25 | 2.46e-04 | 7.07e+03 |      573 | -9.99743661e-01
  L  |    1.9 |    5009 |    26 | 2.56e-04 | 3.06e+03 |      507 | -9.99712472e-01
  L  |    2.0 |    5201 |    27 | 3.92e-04 | 3.20e+06 |      490 | -9.98450483e-01
  L  |    2.1 |    5383 |    27 | 4.99e-04 | 1.82e+04 |      490 | -9.98047482e-01
  L  |    2.2 |    5574 |    28 | 5.63e-04 | 4.86e+03 |      477 | -9.97936673e-01
  L  |    2.3 |    5772 |    29 | 6.49e-04 | 5.98e+03 |      419 | -9.97913770e-01
  L  |    2.4 |    5966 |    30 | 7.44e-04 | 1.50e+05 |      421 | -9.97829008e-01
  L  |    2.6 |    6153 |    31 | 9.15e-04 | 2.10e+06 |      412 | -9.96506737e-01
  L  |    2.7 |    6340 |    32 | 1.07e-03 | 2.98e+05 |      507 | -9.95528021e-01
  L  |    2.9 |    6527 |    33 | 1.30e-03 | 1.71e+04 |      443 | -9.94551894e-01
  L  |    3.0 |    6707 |    34 | 1.52e-03 | 1.49e+05 |      351 | -9.94163688e-01
  L  |    3.2 |    6887 |    35 | 1.72e-03 | 4.50e+05 |      410 | -9.92310958e-01
  L  |    3.4 |    7067 |    36 | 1.89e-03 | 2.18e+04 |      465 | -9.91281743e-01
type |   time |   iters | facts |    shift | viol sum | viol num | obj value 
  L  |    3.5 |    7249 |    37 | 2.05e-03 | 3.13e+06 |      309 | -9.90487991e-01
  L  |    3.7 |    7426 |    38 | 2.06e-03 | 1.06e+07 |      507 | 1.06798059e+00
  L  |    3.9 |    7571 |    38 | 7.08e-03 | 1.59e+08 |      507 | 8.42017621e+02
  L  |    4.1 |    7684 |    39 | 2.28e-02 | 8.48e+07 |      781 | 5.29276255e+01
  L  |    4.2 |    7829 |    40 | 5.29e-02 | 6.54e+07 |      637 | -6.16489258e+02
  L  |    4.4 |    7925 |    40 | 6.82e-02 | 1.02e+08 |      637 | 3.91062112e+03
  L  |    4.6 |    8019 |    41 | 1.31e-01 | 5.70e+07 |      582 | 1.48531353e+04
  L  |    4.7 |    8090 |    41 | 2.90e-01 | 1.15e+08 |      582 | 3.01589227e+04
  L  |    4.9 |    8175 |    41 | 4.41e-01 | 2.83e+08 |      582 | 6.55031942e+04
  L  |    5.1 |    8239 |    42 | 6.83e-01 | 1.85e+08 |      729 | 8.80739546e+04
  L  |    5.2 |    8331 |    42 | 1.32e+00 | 1.63e+08 |      729 | 6.33110905e+04
  L  |    5.4 |    8469 |    43 | 1.92e+00 | 3.80e+06 |      722 | 5.45053412e+04
  L  |    5.6 |    8553 |    43 | 2.64e+00 | 2.87e+07 |      722 | 8.43714408e+04
  L  |    5.7 |    8617 |    44 | 3.58e+00 | 1.14e+07 |      675 | 1.12530167e+05
  L  |    5.9 |    8710 |    44 | 3.96e+00 | 9.18e+07 |      675 | 2.27855426e+05
  L  |    6.0 |    8781 |    44 | 4.59e+00 | 1.38e+08 |      675 | 3.42727574e+05
  L  |    6.2 |    8846 |    45 | 5.25e+00 | 2.39e+07 |      776 | 2.68899261e+05
  L  |    6.3 |    8908 |    45 | 6.45e+00 | 1.26e+08 |      776 | 3.62179568e+05
  L  |    6.5 |    8996 |    45 | 7.26e+00 | 9.18e+07 |      776 | 2.28889352e+04
  L  |    6.7 |    9067 |    46 | 7.50e+00 | 1.72e+07 |      655 | -1.17485896e+05
  L  |    6.8 |    9179 |    46 | 7.79e+00 | 2.12e+07 |      655 | -3.75562321e+04
  L  |    7.0 |    9320 |    47 | 8.36e+00 | 4.21e+05 |      482 | -2.82467305e+04
  L  |    7.2 |    9489 |    48 | 9.00e+00 | 8.22e+04 |      501 | -6.86117473e+04
  L  |    7.4 |    9603 |    49 | 9.17e+00 | 7.08e+06 |      627 | -6.20023718e+04
  L  |    7.6 |    9715 |    49 | 9.83e+00 | 5.10e+05 |      627 | -6.00789197e+04
  L  |    7.8 |    9821 |    50 | 1.01e+01 | 1.36e+06 |      659 | -5.88406087e+04
  L  |    7.9 |    9930 |    50 | 1.05e+01 | 8.61e+05 |      659 | -5.53625554e+04
 --- initializing steepest edge multipliers
 --- active pricer: SteepEx
  L  |    8.5 |   10049 |    51 | 1.11e+01 | 1.08e+06 |      358 | -5.33446995e+04
  L  |    8.8 |   10186 |    51 | 1.20e+01 | 2.38e+05 |      358 | -5.25665651e+04
 --- initializing steepest edge multipliers
 --- initializing steepest edge multipliers
  E  |    8.9 |   10212 |    53 | 0.00e+00 | 5.11e+01 |      698 | 0.00000000e+00
  E  |    9.2 |   10346 |    53 | 0.00e+00 | 7.72e+02 |      698 | 0.00000000e+00
type |   time |   iters | facts |    shift | viol sum | viol num | obj value 
  E  |    9.6 |   10546 |    54 | 0.00e+00 | 2.98e+02 |      618 | 0.00000000e+00
  E  |   10.1 |   10746 |    55 | 0.00e+00 | 4.15e+02 |      553 | 0.00000000e+00
  E  |   10.5 |   10946 |    56 | 0.00e+00 | 2.00e+03 |      383 | 0.00000000e+00
  E  |   11.0 |   11146 |    57 | 0.00e+00 | 1.17e+01 |      491 | 0.00000000e+00
  E  |   11.5 |   11346 |    58 | 0.00e+00 | 3.88e+01 |      800 | 0.00000000e+00
  E  |   12.0 |   11546 |    59 | 3.09e-11 | 6.47e+03 |      650 | 0.00000000e+00
  E  |   12.5 |   11746 |    60 | 3.09e-11 | 5.14e+02 |      647 | 0.00000000e+00
  E  |   13.0 |   11946 |    61 | 3.09e-11 | 2.03e+01 |     1103 | 0.00000000e+00
  E  |   13.5 |   12146 |    62 | 3.09e-11 | 1.82e+02 |     1019 | 0.00000000e+00
  E  |   13.9 |   12341 |    63 | 1.03e-09 | 2.44e+02 |      477 | -4.51588054e-10
  E  |   14.1 |   12436 |    64 | 1.03e-09 | 1.37e+03 |      855 | 7.11134562e-11
  E  |   14.4 |   12544 |    64 | 1.03e-09 | 2.46e+03 |      855 | -1.00000000e+00
  E  |   14.5 |   12612 |    65 | 1.03e-09 | 3.74e-09 |       23 | -1.00000000e+00
 --- initializing steepest edge multipliers
 --- initializing steepest edge multipliers
  L  |   15.3 |   12612 |    65 | 0.00e+00 | 2.74e-04 |       26 | -1.00000000e+00
  L  |   15.6 |   12777 |    65 | 0.00e+00 | 1.72e+07 |       26 | -1.00000000e+00
  L  |   15.9 |   12977 |    66 | 5.91e-08 | 1.50e+10 |      878 | -9.98644748e-01
  L  |   16.2 |   13177 |    67 | 7.62e-08 | 3.88e+10 |      765 | -9.99941495e-01
  L  |   16.6 |   13377 |    68 | 1.23e-07 | 2.33e+10 |      957 | -9.98836949e-01
  L  |   16.9 |   13577 |    69 | 3.05e-06 | 2.87e+09 |      981 | -6.82263415e-01
  L  |   17.2 |   13777 |    70 | 2.22e-04 | 1.46e+09 |     1133 | 1.24754430e+01
  L  |   17.6 |   13977 |    71 | 6.66e-04 | 4.33e+07 |      893 | 2.13246034e+01
  L  |   17.8 |   14177 |    72 | 1.22e-03 | 3.17e+06 |      840 | 2.25288030e+01
  L  |   18.1 |   14377 |    73 | 1.47e-03 | 5.93e+06 |      452 | 2.97799930e+01
  L  |   18.4 |   14576 |    74 | 2.80e-03 | 1.23e+07 |      210 | 7.13012742e+01
  L  |   18.8 |   14767 |    75 | 4.83e-03 | 4.20e+06 |      767 | -3.23388047e+00
  L  |   19.1 |   14953 |    76 | 7.03e-03 | 2.48e+07 |      678 | 6.83388110e+01
  L  |   19.5 |   15138 |    77 | 1.34e-02 | 4.76e+06 |      703 | -2.65187365e+02
  L  |   19.8 |   15320 |    78 | 1.66e-02 | 9.07e+06 |      734 | -2.82091458e+02
  L  |   20.1 |   15480 |    79 | 1.95e-02 | 4.65e+06 |      853 | -1.59339786e+02
  L  |   20.4 |   15646 |    80 | 2.47e-02 | 4.63e+05 |      182 | -1.12818648e+02
  L  |   20.7 |   15800 |    80 | 2.76e-02 | 6.78e+05 |      182 | -3.43832529e+01
type |   time |   iters | facts |    shift | viol sum | viol num | obj value 
  L  |   20.9 |   15851 |    81 | 2.80e-02 | 1.11e+05 |      103 | -2.22237257e+01
 --- initializing steepest edge multipliers
  L  |   21.5 |   15856 |    89 | 0.00e+00 | 2.74e-04 |       27 | -1.00000000e+00
  L  |   21.8 |   16026 |    89 | 0.00e+00 | 6.63e+06 |       27 | -1.00000000e+00
  L  |   22.1 |   16226 |    90 | 7.40e-10 | 5.47e+05 |      416 | -1.00000109e+00
  L  |   22.5 |   16426 |    91 | 7.78e-10 | 3.79e+02 |      444 | -1.00000109e+00
  L  |   22.8 |   16589 |    92 | 9.48e-07 | 9.60e+03 |      273 | -1.00000107e+00
Caught exception <Basis is singular (numerical troubles, feastol = 1e-12, opttol = 1e-14)> while solving Real LP.

Increasing Markowitz threshold.
Switching scaling.
Simplifier removed 5864 rows, 7744 columns, 42786 nonzeros, 126 col bounds, 116745 row bounds
Reduced LP has 1537 rows 3033 columns 53965 nonzeros

 --- initializing steepest edge multipliers
 --- initializing steepest edge multipliers
  L  |    0.0 |       0 |     3 | 0.00e+00 | 1.12e+05 |       96 | -1.00000000e+00
 --- active pricer: Devex
  L  |    0.0 |      58 |     3 | 0.00e+00 | 7.27e+04 |       96 | -1.00000000e+00
  L  |    0.0 |     258 |     5 | 0.00e+00 | 5.13e+04 |      197 | -1.00000000e+00
  L  |    0.1 |     458 |     7 | 0.00e+00 | 1.82e+04 |      295 | -1.00000000e+00
  L  |    0.1 |     658 |     8 | 0.00e+00 | 2.61e+04 |      336 | -1.00000000e+00
  L  |    0.1 |     858 |     9 | 2.44e-08 | 7.34e+03 |      321 | -9.99999053e-01
  L  |    0.2 |    1058 |    10 | 2.44e-08 | 9.65e+02 |      341 | -9.99998979e-01
  L  |    0.2 |    1257 |    12 | 2.44e-08 | 2.65e+05 |      345 | -9.99999256e-01
  L  |    0.3 |    1438 |    13 | 5.23e-07 | 4.76e+06 |      363 | -9.99698848e-01
  L  |    0.3 |    1617 |    15 | 6.88e-05 | 1.20e+06 |      267 | -9.99092941e-01
  L  |    0.4 |    1795 |    16 | 4.44e-04 | 2.42e+04 |      194 | -9.38192709e-01
  L  |    0.4 |    1967 |    17 | 1.94e-03 | 1.86e+04 |      139 | -4.93889948e-01
  E  |    0.5 |    2061 |    18 | 0.00e+00 | 7.05e-02 |      138 | 0.00000000e+00
  E  |    0.5 |    2139 |    18 | 0.00e+00 | 8.80e+03 |      138 | 0.00000000e+00
  E  |    0.6 |    2339 |    19 | 1.92e-09 | 2.02e+01 |      360 | -1.10883029e-12
  E  |    0.6 |    2539 |    20 | 1.93e-09 | 2.67e+01 |      554 | -1.98528878e-11
  E  |    0.7 |    2738 |    21 | 1.93e-09 | 1.86e+01 |      483 | -1.19732309e-10
  E  |    0.7 |    2938 |    22 | 1.94e-09 | 2.04e+01 |      414 | -1.19891476e-10
  E  |    0.8 |    3138 |    24 | 1.06e-09 | 2.15e-01 |      400 | -3.89719514e-13
  E  |    0.9 |    3338 |    25 | 1.06e-09 | 6.14e-01 |      431 | -4.83414201e-13
  E  |    0.9 |    3538 |    26 | 3.91e-09 | 1.28e+00 |      414 | -1.02424888e-12
  E  |    1.0 |    3738 |    27 | 4.67e-09 | 3.92e+00 |      590 | -2.98579006e-12
  E  |    1.0 |    3938 |    28 | 4.68e-09 | 2.20e+01 |      383 | -2.05382619e-11
  E  |    1.1 |    4137 |    29 | 5.89e-09 | 1.56e-01 |      397 | -9.81621867e-11
  E  |    1.2 |    4337 |    30 | 2.71e-08 | 1.11e+01 |      563 | -1.16353925e-10
  E  |    1.2 |    4537 |    31 | 2.71e-08 | 5.38e-01 |      439 | -2.83923049e-10
  E  |    1.3 |    4736 |    32 | 2.90e-08 | 2.66e+01 |      464 | -6.34777138e-11
type |   time |   iters | facts |    shift | viol sum | viol num | obj value 
  E  |    1.4 |    4933 |    33 | 1.71e-07 | 2.07e+02 |      224 | -1.91570391e-08
  E  |    1.4 |    5116 |    34 | 2.70e-05 | 6.84e+01 |      612 | -8.42432234e-06
  E  |    1.5 |    5285 |    35 | 7.11e-05 | 1.47e+02 |      489 | -3.64971614e-04
  E  |    1.5 |    5436 |    36 | 1.23e-04 | 1.94e+00 |      330 | -2.27768041e-02
  E  |    1.6 |    5538 |    36 | 4.27e-04 | 1.06e+02 |      330 | -8.46832846e-02
  E  |    1.6 |    5632 |    37 | 4.27e-04 | 1.68e+02 |      241 | -4.61855764e-01
  L  |    1.6 |    5655 |    38 | 0.00e+00 | 4.88e+01 |       13 | -1.00000000e+00
  L  |    1.6 |    5700 |    38 | 0.00e+00 | 7.25e+04 |       13 | -1.00000000e+00
  L  |    1.7 |    5871 |    39 | 2.29e-04 | 1.06e+04 |       16 | -9.99474060e-01
  L  |    1.7 |    5918 |    40 | 4.06e-04 | 2.09e-11 |        9 | -9.91920895e-01

Switching simplification.
Equilibrium scaling LP

  L  |    0.0 |       0 |     1 | 0.00e+00 | 1.10e+05 |       14 | -1.00000000e+00
  L  |    0.0 |     104 |     1 | 0.00e+00 | 1.28e+05 |       14 | -1.00000000e+00
  L  |    0.1 |     304 |     2 | 0.00e+00 | 1.32e+05 |       78 | -1.00000000e+00
  L  |    0.1 |     504 |     3 | 0.00e+00 | 6.73e+04 |      129 | -1.00000000e+00
  L  |    0.2 |     704 |     4 | 0.00e+00 | 2.19e+05 |      138 | -1.00000000e+00
  L  |    0.2 |     904 |     5 | 0.00e+00 | 2.50e+05 |      189 | -1.00000000e+00
  L  |    0.3 |    1104 |     6 | 0.00e+00 | 1.08e+05 |      348 | -1.00000000e+00
  L  |    0.3 |    1304 |     7 | 2.95e-08 | 3.89e+05 |      375 | -9.99999466e-01
  L  |    0.4 |    1504 |     8 | 2.96e-08 | 1.13e+05 |      423 | -9.99999129e-01
  L  |    0.4 |    1704 |     9 | 2.97e-08 | 6.87e+03 |      417 | -9.99998735e-01
  L  |    0.5 |    1904 |    10 | 2.97e-08 | 6.82e+04 |      550 | -9.99998554e-01
  L  |    0.6 |    2097 |    11 | 2.98e-08 | 2.85e+05 |      480 | -9.99998094e-01
  L  |    0.6 |    2284 |    12 | 3.41e-08 | 6.87e+05 |      610 | -9.99989383e-01
  L  |    0.7 |    2456 |    13 | 5.75e-05 | 4.47e+04 |      705 | -8.29591789e-01
  L  |    0.8 |    2627 |    14 | 6.38e-05 | 4.86e+04 |      656 | -8.07634948e-01
  L  |    0.9 |    2790 |    15 | 7.15e-05 | 7.58e+04 |      560 | -7.04419166e-01
  L  |    1.0 |    2965 |    16 | 1.31e-03 | 3.19e+05 |      626 | -5.56774366e-01
  L  |    1.1 |    3145 |    17 | 2.34e-03 | 1.49e+05 |      514 | -2.06624162e-01
  L  |    1.2 |    3335 |    18 | 5.33e-03 | 8.11e+04 |      451 | -9.68667809e-02
  E  |    1.3 |    3498 |    20 | 0.00e+00 | 2.07e-01 |      934 | 0.00000000e+00
  E  |    1.3 |    3510 |    20 | 0.00e+00 | 2.87e-01 |      934 | 0.00000000e+00
  E  |    1.5 |    3710 |    21 | 6.77e-11 | 3.39e-02 |      779 | 0.00000000e+00
  E  |    1.6 |    3910 |    22 | 6.77e-11 | 4.35e-02 |      718 | 0.00000000e+00
  E  |    1.8 |    4110 |    23 | 6.77e-11 | 7.47e-01 |      726 | 0.00000000e+00
type |   time |   iters | facts |    shift | viol sum | viol num | obj value 
  E  |    1.9 |    4310 |    24 | 6.77e-11 | 1.74e+00 |      763 | 0.00000000e+00
  E  |    2.1 |    4510 |    25 | 6.77e-11 | 8.19e+00 |       10 | 0.00000000e+00
  E  |    2.2 |    4671 |    25 | 6.77e-11 | 4.27e+02 |       10 | 0.00000000e+00
  E  |    2.4 |    4871 |    26 | 6.77e-11 | 2.99e+00 |      314 | 0.00000000e+00
  E  |    2.5 |    5071 |    27 | 6.77e-11 | 8.22e+00 |      727 | 0.00000000e+00
  E  |    2.7 |    5271 |    28 | 6.77e-11 | 3.49e+00 |      307 | 0.00000000e+00
  E  |    2.8 |    5382 |    29 | 6.77e-11 | 7.22e+02 |        1 | 0.00000000e+00
  E  |    3.0 |    5577 |    30 | 6.77e-11 | 3.63e+01 |       23 | 0.00000000e+00
  E  |    3.1 |    5671 |    30 | 6.77e-11 | 8.19e+02 |       23 | 0.00000000e+00
  E  |    3.2 |    5807 |    31 | 6.77e-11 | 8.55e+02 |       42 | 0.00000000e+00
  E  |    3.3 |    5939 |    32 | 9.03e-07 | 7.85e+00 |      253 | -4.44454136e-07
  E  |    3.4 |    6055 |    33 | 1.42e-06 | 9.07e-01 |      318 | -1.53972323e-05
  E  |    3.5 |    6167 |    33 | 3.79e-05 | 2.77e+02 |      318 | -4.02666069e-03
  E  |    3.6 |    6238 |    33 | 3.24e-03 | 2.51e+03 |      318 | -5.93696373e-02
  E  |    3.7 |    6318 |    34 | 4.94e-03 | 1.03e+03 |      264 | -4.01993646e-01
  E  |    3.7 |    6355 |    34 | 2.01e-02 | 2.70e+03 |      264 | -1.00000000e+00
  E  |    3.7 |    6355 |    34 | 2.01e-02 | 2.70e+03 |      264 | -1.00000000e+00
  E  |    3.7 |    6355 |    34 | 2.01e-02 | 2.70e+03 |      264 | -1.00000000e+00

Relaxing tolerances.
Equilibrium scaling LP

  E  |    0.0 |       0 |     1 | 1.10e+05 | 0.00e+00 |        0 | -1.00000000e+00
  L  |    0.0 |       0 |     1 | 0.00e+00 | 1.10e+05 |       14 | -1.00000000e+00
  L  |    0.0 |      80 |     1 | 0.00e+00 | 1.34e+05 |       14 | -1.00000000e+00
  L  |    0.0 |     280 |     2 | 0.00e+00 | 1.54e+05 |       78 | -1.00000000e+00
  L  |    0.1 |     480 |     3 | 0.00e+00 | 4.79e+04 |      128 | -1.00000000e+00
  L  |    0.2 |     680 |     4 | 0.00e+00 | 6.36e+04 |       91 | -1.00000000e+00
  L  |    0.2 |     880 |     5 | 0.00e+00 | 2.11e+05 |      129 | -1.00000000e+00
  L  |    0.3 |    1080 |     6 | 0.00e+00 | 7.80e+05 |      178 | -1.00000000e+00
  L  |    0.3 |    1280 |     7 | 3.33e-05 | 8.66e+04 |      302 | -9.99736151e-01
  L  |    0.4 |    1480 |     8 | 3.33e-05 | 1.01e+05 |      385 | -9.99096267e-01
  L  |    0.4 |    1680 |     9 | 3.34e-05 | 2.34e+04 |      583 | -9.98810564e-01
  L  |    0.5 |    1880 |    10 | 3.34e-05 | 2.87e+04 |      561 | -9.98697670e-01
  L  |    0.6 |    2080 |    11 | 3.34e-05 | 1.22e+05 |      570 | -9.98496321e-01
  L  |    0.6 |    2279 |    12 | 3.40e-05 | 1.36e+05 |      465 | -9.97582025e-01
  L  |    0.7 |    2479 |    13 | 1.07e-04 | 8.03e+05 |      602 | -8.14739310e-01
type |   time |   iters | facts |    shift | viol sum | viol num | obj value 
  L  |    0.8 |    2672 |    14 | 1.44e-03 | 1.00e+06 |      557 | 3.68847746e-01
  E  |    0.8 |    2677 |    15 | 0.00e+00 | 7.73e-03 |      155 | 0.00000000e+00
  E  |    0.9 |    2870 |    16 | 9.91e-08 | 9.93e-03 |     1529 | 0.00000000e+00
  E  |    1.0 |    3070 |    17 | 9.91e-08 | 1.08e-02 |      299 | 0.00000000e+00
  E  |    1.1 |    3270 |    18 | 9.91e-08 | 4.88e-02 |     1793 | 0.00000000e+00
  E  |    1.2 |    3470 |    19 | 9.91e-08 | 1.47e-02 |      276 | 0.00000000e+00
  E  |    1.4 |    3670 |    20 | 9.91e-08 | 2.44e-02 |      368 | 0.00000000e+00
  E  |    1.5 |    3870 |    21 | 9.91e-08 | 3.02e-02 |      583 | 0.00000000e+00
  E  |    1.6 |    4070 |    22 | 9.91e-08 | 1.14e-02 |      252 | 0.00000000e+00
  E  |    1.7 |    4270 |    23 | 9.91e-08 | 1.08e-02 |      244 | 0.00000000e+00
  E  |    1.9 |    4470 |    24 | 9.91e-08 | 7.18e-03 |      737 | 0.00000000e+00
  E  |    2.0 |    4670 |    25 | 9.91e-08 | 7.07e-03 |      262 | 0.00000000e+00
  E  |    2.1 |    4870 |    26 | 9.91e-08 | 1.84e-02 |     1015 | 0.00000000e+00
  E  |    2.3 |    5070 |    27 | 9.91e-08 | 3.35e-02 |     1688 | 0.00000000e+00
  E  |    2.4 |    5270 |    28 | 9.91e-08 | 1.76e-02 |      232 | 0.00000000e+00
  E  |    2.6 |    5470 |    29 | 9.91e-08 | 6.71e-03 |      291 | 0.00000000e+00
  E  |    2.7 |    5670 |    30 | 9.91e-08 | 2.06e-02 |      282 | 0.00000000e+00
  E  |    2.8 |    5870 |    31 | 9.91e-08 | 1.53e-02 |     1566 | 0.00000000e+00
  E  |    3.0 |    6070 |    32 | 9.91e-08 | 1.92e-02 |      313 | 0.00000000e+00
  E  |    3.1 |    6270 |    33 | 9.91e-08 | 5.36e-02 |      208 | 0.00000000e+00
  E  |    3.2 |    6470 |    34 | 9.91e-08 | 9.08e-03 |      207 | 0.00000000e+00
  E  |    3.3 |    6670 |    35 | 9.91e-08 | 3.31e-03 |      118 | 0.00000000e+00
  E  |    3.5 |    6870 |    36 | 9.91e-08 | 1.38e-02 |      331 | 0.00000000e+00
  E  |    3.6 |    7070 |    37 | 9.91e-08 | 1.48e-02 |     1685 | 0.00000000e+00
  E  |    3.8 |    7270 |    38 | 9.91e-08 | 1.31e-02 |      171 | 0.00000000e+00
  E  |    3.9 |    7470 |    39 | 0.00e+00 | 2.59e-02 |      212 | 0.00000000e+00
  E  |    4.0 |    7670 |    40 | 7.00e-08 | 3.14e-02 |     1406 | 0.00000000e+00
  E  |    4.1 |    7870 |    41 | 7.00e-08 | 2.96e-02 |      354 | 0.00000000e+00
  E  |    4.3 |    8070 |    42 | 7.00e-08 | 4.49e-02 |      411 | 0.00000000e+00
  E  |    4.4 |    8270 |    43 | 7.00e-08 | 2.52e-02 |      221 | 0.00000000e+00
  E  |    4.6 |    8470 |    44 | 7.00e-08 | 1.91e-02 |     1461 | 0.00000000e+00
type |   time |   iters | facts |    shift | viol sum | viol num | obj value 
  E  |    4.7 |    8670 |    45 | 7.00e-08 | 7.66e-02 |     1691 | 0.00000000e+00
  E  |    4.8 |    8870 |    46 | 7.00e-08 | 2.37e-02 |      188 | 0.00000000e+00
  E  |    4.9 |    9070 |    47 | 7.00e-08 | 9.23e-03 |      119 | 0.00000000e+00
  E  |    5.1 |    9270 |    48 | 7.00e-08 | 4.96e-02 |      892 | 0.00000000e+00
  E  |    5.2 |    9470 |    49 | 7.00e-08 | 1.87e-02 |      243 | 0.00000000e+00
  E  |    5.3 |    9670 |    50 | 7.00e-08 | 5.54e-02 |      285 | 0.00000000e+00
  E  |    5.5 |    9870 |    51 | 7.00e-08 | 2.55e-02 |      252 | 0.00000000e+00
 --- initializing steepest edge multipliers
 --- active pricer: SteepEx
  E  |    5.7 |   10070 |    52 | 7.00e-08 | 3.66e-02 |      614 | 0.00000000e+00
  E  |    5.9 |   10270 |    53 | 7.00e-08 | 3.80e-02 |      241 | 0.00000000e+00
  E  |    6.2 |   10470 |    54 | 7.00e-08 | 3.30e-02 |      216 | 0.00000000e+00
  E  |    6.4 |   10670 |    55 | 7.00e-08 | 4.42e-01 |     1235 | 0.00000000e+00
  E  |    6.6 |   10870 |    56 | 7.00e-08 | 2.59e+00 |     1146 | 0.00000000e+00
  E  |    6.9 |   11070 |    57 | 7.00e-08 | 3.15e+00 |        9 | 0.00000000e+00
  E  |    7.1 |   11246 |    58 | 7.00e-08 | 6.88e+01 |     1670 | 0.00000000e+00
  E  |    7.3 |   11408 |    59 | 7.00e-08 | 7.10e+02 |     1963 | 0.00000000e+00
  E  |    7.4 |   11537 |    59 | 6.59e-07 | 1.46e+03 |     1963 | -1.29926415e-05
  E  |    7.5 |   11634 |    60 | 3.94e-04 | 3.09e+01 |      133 | -3.88206597e-04
  E  |    7.6 |   11721 |    60 | 1.84e-03 | 5.92e+02 |      133 | -3.62058260e-02
  E  |    7.7 |   11795 |    60 | 9.67e-03 | 1.81e+03 |      133 | -1.07934471e-01
  E  |    7.8 |   11877 |    61 | 1.64e-02 | 8.04e+02 |      144 | -4.27193655e-01
  E  |    7.9 |   11999 |    62 | 2.16e-02 | 1.87e+02 |     1294 | -5.05209532e-01
  E  |    8.0 |   12089 |    62 | 1.20e-01 | 1.09e+03 |     1294 | -5.29922434e-01
 --- initializing steepest edge multipliers
 --- initializing steepest edge multipliers
  L  |    8.6 |   12137 |    63 | 0.00e+00 | 1.91e+04 |      391 | -1.00000000e+00
  L  |    8.6 |   12183 |    63 | 0.00e+00 | 2.69e+04 |      391 | -1.00000000e+00
  L  |    8.7 |   12383 |    64 | 0.00e+00 | 4.69e+02 |      476 | -1.00000000e+00
  L  |    8.9 |   12583 |    66 | 0.00e+00 | 1.93e+02 |      432 | -1.00000000e+00
  L  |    9.1 |   12783 |    67 | 0.00e+00 | 1.07e+00 |      205 | -1.00000000e+00
  L  |    9.2 |   12926 |    67 | 0.00e+00 | 6.41e-03 |      205 | -1.00000000e+00
  L  |    9.3 |   13053 |    68 | 0.00e+00 | 3.19e-03 |      107 | -1.00000000e+00
  L  |    9.5 |   13134 |    68 | 0.00e+00 | 9.69e-03 |      107 | -1.00000000e+00
 --- initializing steepest edge multipliers
 --- initializing steepest edge multipliers
  E  |    9.6 |   13174 |    70 | 1.11e-04 | 0.00e+00 |        0 | -1.00000000e+00
 --- initializing steepest edge multipliers
 --- initializing steepest edge multipliers
  L  |   10.2 |   13174 |    70 | 0.00e+00 | 1.11e-04 |        1 | -1.00000000e+00
  L  |   10.3 |   13231 |    70 | 0.00e+00 | 2.12e+04 |        1 | -1.00000000e+00
type |   time |   iters | facts |    shift | viol sum | viol num | obj value 
  L  |   10.5 |   13425 |    71 | 1.74e-05 | 3.59e+04 |       33 | -9.95500225e-01
 --- initializing steepest edge multipliers
 --- initializing steepest edge multipliers
  E  |   10.6 |   13508 |    72 | 0.00e+00 | 0.00e+00 |        0 | -1.00000000e+00
  E  |   10.6 |   13508 |    72 | 0.00e+00 | 0.00e+00 |        0 | -1.00000000e+00

Floating-point optimal.
Max. bound violation = 1/549755813888
Max. row violation = 2028315234622885688956947/41538374868278621028243970633760768
Max. reduced cost violation = 0
Max. dual violation = 0
Performing rational reconstruction . . .
Reconstructed solution primal infeasible (1).
Refined floating-point solve . . .

 --- initializing steepest edge multipliers
 --- initializing steepest edge multipliers
  L  |    0.7 |       0 |     1 | 0.00e+00 | 0.00e+00 |        0 | 0.00000000e+00
 --- active pricer: Devex
  L  |    0.7 |       0 |     1 | 0.00e+00 | 0.00e+00 |        0 | 0.00000000e+00

Floating-point optimal.
Max. bound violation = 171/2475880078570760549798248448
Max. row violation = 5356228505314151176664155751/374144419156711147060143317175368453031918731001856
Max. reduced cost violation = 0
Max. dual violation = 0
Tolerances reached.
Primal feasible.  Optimizing again.
Initial floating-point solve . . .

  L  |    0.0 |       0 |     1 | 1.00e+00 | 3.33e-11 |        9 | 0.00000000e+00
  L  |    0.0 |       0 |     1 | 1.00e+00 | 3.33e-11 |        9 | 0.00000000e+00

Numerical troubles during floating-point solve.
Turning off preprocessing.

  L  |    0.0 |       0 |     1 | 0.00e+00 | 1.11e+06 |       15 | -1.00000000e+06
  L  |    0.0 |      88 |     1 | 0.00e+00 | 1.00e+08 |       15 | -1.00000000e+06
  L  |    0.0 |     288 |     2 | 0.00e+00 | 2.02e+08 |      105 | -3.33333333e+05
  L  |    0.1 |     488 |     3 | 0.00e+00 | 7.28e+08 |      327 | -3.33333333e+05
  L  |    0.2 |     688 |     4 | 0.00e+00 | 5.98e+07 |      287 | -3.33333333e+05
  L  |    0.2 |     888 |     5 | 0.00e+00 | 1.06e+08 |      259 | -3.33333333e+05
  L  |    0.3 |    1088 |     6 | 4.14e-10 | 1.79e+08 |      507 | -3.33333333e+05
  L  |    0.4 |    1288 |     7 | 4.14e-10 | 1.91e+08 |      572 | -3.33333333e+05
  L  |    0.4 |    1487 |     8 | 5.42e-10 | 8.55e+07 |      601 | -3.33333333e+05
  L  |    0.5 |    1686 |     9 | 8.07e-10 | 1.24e+08 |      539 | -3.33333333e+05
  L  |    0.6 |    1885 |    10 | 1.38e-09 | 4.75e+09 |      674 | -3.33333333e+05
  L  |    0.6 |    2084 |    11 | 1.81e-09 | 7.21e+09 |      688 | -3.33333333e+05
  L  |    0.7 |    2284 |    12 | 2.43e-09 | 5.85e+09 |      666 | -3.33333333e+05
  L  |    0.8 |    2484 |    13 | 3.02e-09 | 4.57e+09 |      696 | -3.33333333e+05
  L  |    0.9 |    2684 |    14 | 3.48e-09 | 1.48e+10 |      820 | -3.33333330e+05
  L  |    1.0 |    2883 |    15 | 3.61e-09 | 8.75e+12 |      909 | -3.33332175e+05
  L  |    1.0 |    3079 |    16 | 1.73e-06 | 5.46e+09 |      907 | -2.15168369e+05
  L  |    1.1 |    3279 |    17 | 7.01e-06 | 6.53e+09 |      945 | -2.08118861e+05
  L  |    1.2 |    3475 |    18 | 3.49e-05 | 4.22e+10 |     1000 | -2.08112128e+05
  L  |    1.3 |    3674 |    19 | 4.95e-05 | 2.83e+09 |      986 | -2.08111622e+05
  L  |    1.4 |    3870 |    20 | 6.89e-05 | 5.76e+13 |     1044 | -1.73927847e+05
  L  |    1.5 |    4070 |    21 | 7.60e-05 | 2.97e+14 |     1128 | -1.73927847e+05
  L  |    1.6 |    4268 |    22 | 9.27e-05 | 6.58e+11 |     1146 | -1.67715130e+05
  L  |    1.7 |    4463 |    23 | 1.20e-04 | 8.49e+10 |      887 | -1.66916868e+05
  L  |    1.8 |    4663 |    24 | 1.36e-04 | 2.75e+11 |      875 | -1.66670405e+05
  L  |    1.9 |    4860 |    25 | 1.50e-04 | 1.26e+11 |      934 | -1.66657434e+05
  L  |    2.0 |    5059 |    26 | 1.55e-04 | 8.20e+10 |      898 | -1.66656654e+05
  L  |    2.1 |    5255 |    27 | 1.67e-04 | 8.12e+11 |      943 | -1.66659866e+05
  L  |    2.2 |    5414 |    28 | 3.55e-03 | 7.05e+10 |      864 | -1.67075576e+05
  L  |    2.3 |    5605 |    29 | 5.06e-03 | 3.68e+10 |      686 | -1.66664230e+05
type |   time |   iters | facts |    shift | viol sum | viol num | obj value 
  L  |    2.4 |    5796 |    29 | 7.48e-03 | 5.22e+10 |      686 | -1.66511483e+05
  L  |    2.5 |    5996 |    30 | 8.78e-03 | 4.46e+10 |      566 | -1.65958610e+05
  L  |    2.6 |    6193 |    31 | 1.39e-02 | 5.03e+09 |      561 | -1.66612959e+05
  L  |    2.7 |    6393 |    32 | 1.62e-02 | 7.53e+09 |      600 | -1.66736842e+05
  L  |    2.9 |    6593 |    33 | 1.70e-02 | 1.74e+08 |      577 | -1.66772369e+05
  L  |    3.0 |    6775 |    34 | 1.83e-02 | 9.16e+07 |      513 | -1.66720243e+05
  L  |    3.2 |    6949 |    35 | 2.44e-02 | 8.48e+07 |      529 | -1.66950762e+05
  L  |    3.3 |    7148 |    36 | 2.74e-02 | 1.93e+08 |      478 | -1.66861229e+05
  L  |    3.5 |    7345 |    37 | 3.13e-02 | 4.33e+08 |      597 | -1.62919691e+05
  L  |    3.6 |    7542 |    38 | 1.96e-02 | 4.81e+07 |      553 | -1.33090210e+05
  L  |    3.7 |    7730 |    39 | 2.00e-02 | 5.69e+07 |      501 | -1.16196234e+05
  L  |    3.8 |    7915 |    40 | 2.04e-02 | 1.76e+07 |      500 | -1.13260820e+05
  L  |    3.9 |    8110 |    41 | 2.05e-02 | 1.49e+07 |      437 | -7.10926249e+04
  L  |    4.1 |    8287 |    42 | 2.07e-02 | 1.81e+07 |      434 | -6.28514604e+04
  L  |    4.2 |    8477 |    43 | 2.13e-02 | 2.29e+06 |      352 | -5.08275266e+04
  L  |    4.4 |    8656 |    44 | 2.18e-02 | 1.29e+06 |      264 | -4.69034370e+03
  L  |    4.5 |    8830 |    45 | 2.23e-02 | 1.02e+06 |      326 | -4.47032298e+03
  L  |    4.6 |    9030 |    46 | 2.24e-02 | 1.09e+06 |      226 | -4.48921297e+03
  L  |    4.7 |    9230 |    47 | 2.25e-02 | 1.03e+06 |      226 | -4.44467473e+03
  L  |    4.9 |    9407 |    48 | 2.29e-02 | 1.06e+06 |      231 | -4.43896234e+03
  L  |    5.0 |    9600 |    49 | 2.46e-02 | 2.68e+07 |      417 | -3.85849793e+03
  L  |    5.1 |    9784 |    49 | 2.50e-02 | 2.12e+07 |      417 | -2.89846690e+03
  L  |    5.3 |    9974 |    50 | 2.70e-02 | 7.86e+06 |      481 | -2.32246975e+03
 --- initializing steepest edge multipliers
 --- active pricer: SteepEx
  L  |    5.9 |   10116 |    51 | 3.53e-02 | 1.91e+07 |      642 | 1.04619456e+03
  L  |    6.1 |   10244 |    52 | 6.74e-02 | 9.41e+07 |      356 | 4.60481016e+03
  L  |    6.3 |   10387 |    52 | 1.31e-01 | 1.74e+07 |      356 | -2.48746412e+02
  L  |    6.6 |   10510 |    53 | 1.78e-01 | 1.88e+07 |      356 | 1.35890435e+03
  L  |    6.8 |   10628 |    54 | 2.58e-01 | 1.49e+07 |      545 | -4.64077906e+03
  L  |    7.0 |   10740 |    54 | 2.74e-01 | 1.80e+07 |      545 | -6.54009290e+03
  L  |    7.3 |   10855 |    55 | 2.92e-01 | 4.57e+06 |      213 | -3.79163888e+03
type |   time |   iters | facts |    shift | viol sum | viol num | obj value 
  L  |    7.5 |   10964 |    55 | 3.17e-01 | 9.95e+06 |      213 | -2.13487778e+03
  L  |    7.7 |   11036 |    56 | 3.18e-01 | 1.54e+06 |      110 | -1.24284387e+03
  L  |    7.9 |   11140 |    56 | 3.35e-01 | 1.18e+06 |      110 | -6.72632086e+02
  L  |    8.1 |   11223 |    57 | 3.67e-01 | 1.84e+04 |       60 | -8.85585611e+02
  L  |    8.3 |   11300 |    59 | 3.80e-01 | 1.74e+00 |       20 | -8.61049930e+02
  L  |    8.3 |   11300 |    59 | 3.80e-01 | 1.74e+00 |       20 | -8.61049930e+02

Increasing Markowitz threshold.
Simplifier removed 5907 rows, 7799 columns, 43741 nonzeros, 1782 col bounds, 117097 row bounds
Reduced LP has 1494 rows 2977 columns 52946 nonzeros
Equilibrium scaling LP

 --- initializing steepest edge multipliers
 --- initializing steepest edge multipliers
  L  |    0.0 |       0 |     2 | 0.00e+00 | 8.97e+07 |      118 | -1.00000000e+06
 --- active pricer: Devex
  L  |    0.0 |     194 |     3 | 0.00e+00 | 5.96e+07 |      207 | -3.33333333e+05
  L  |    0.0 |     394 |     4 | 0.00e+00 | 1.12e+08 |      218 | -3.33333333e+05
  L  |    0.1 |     594 |     6 | 2.32e-08 | 6.08e+07 |      329 | -3.33333334e+05
  L  |    0.1 |     794 |     7 | 2.33e-08 | 7.70e+08 |      345 | -3.33333333e+05
  L  |    0.1 |     994 |     8 | 2.34e-08 | 1.33e+10 |      420 | -3.33333319e+05
  L  |    0.2 |    1194 |     9 | 2.37e-08 | 8.82e+10 |      526 | -3.33333254e+05
  L  |    0.2 |    1394 |    10 | 2.38e-08 | 1.66e+10 |      627 | -2.64791619e+05
  L  |    0.2 |    1594 |    12 | 7.75e-09 | 7.88e+09 |      528 | -1.75699808e+05
  L  |    0.3 |    1794 |    13 | 7.75e-09 | 5.17e+09 |      496 | -1.73582695e+05
  L  |    0.3 |    1994 |    14 | 7.75e-09 | 4.59e+09 |      486 | -1.71589286e+05
  L  |    0.4 |    2194 |    15 | 7.75e-09 | 1.59e+09 |      483 | -1.70352957e+05
  L  |    0.4 |    2394 |    16 | 7.75e-09 | 1.02e+09 |      452 | -1.69778454e+05
  L  |    0.4 |    2590 |    17 | 3.51e-05 | 3.20e+09 |      442 | -1.69202831e+05
  L  |    0.5 |    2784 |    18 | 1.79e-04 | 2.33e+10 |      467 | -1.68240130e+05
  L  |    0.5 |    2972 |    20 | 4.28e-04 | 1.01e+09 |      474 | -1.67818466e+05
  L  |    0.6 |    3172 |    21 | 2.66e-04 | 5.20e+08 |      443 | -1.67548415e+05
  L  |    0.6 |    3372 |    22 | 2.67e-04 | 5.51e+08 |      381 | -1.67323996e+05
  L  |    0.7 |    3572 |    23 | 2.67e-04 | 5.58e+08 |      391 | -1.67129022e+05
  L  |    0.7 |    3772 |    24 | 2.67e-04 | 5.72e+08 |      392 | -1.67072719e+05
  L  |    0.7 |    3972 |    25 | 2.67e-04 | 2.82e+08 |      369 | -1.66969264e+05
  L  |    0.8 |    4171 |    26 | 3.98e-04 | 3.34e+08 |      372 | -1.66916785e+05
  L  |    0.8 |    4370 |    29 | 4.61e-04 | 7.23e+08 |      362 | -1.66795071e+05
  L  |    0.9 |    4570 |    31 | 3.43e-04 | 9.20e+07 |      341 | -1.66751395e+05
  L  |    0.9 |    4770 |    32 | 3.44e-04 | 1.74e+08 |      322 | -1.66706629e+05
  L  |    1.0 |    4970 |    33 | 3.44e-04 | 8.51e+07 |      308 | -1.66650465e+05
type |   time |   iters | facts |    shift | viol sum | viol num | obj value 
  L  |    1.0 |    5170 |    34 | 3.44e-04 | 6.47e+07 |      251 | -1.66572297e+05
  L  |    1.1 |    5370 |    35 | 3.44e-04 | 8.81e+07 |      288 | -1.66529499e+05
  L  |    1.1 |    5564 |    36 | 4.26e-04 | 8.82e+07 |      372 | -1.33916299e+05
  L  |    1.2 |    5752 |    40 | 4.49e-04 | 5.56e+07 |      315 | -8.47923415e+04
  L  |    1.2 |    5952 |    41 | 4.49e-04 | 3.65e+07 |      331 | -5.27023409e+04
  L  |    1.3 |    6151 |    44 | 3.46e-04 | 7.28e+07 |      284 | -2.09097366e+04
  L  |    1.3 |    6344 |    45 | 3.77e-04 | 6.53e+06 |      306 | -8.27727731e+03
  L  |    1.4 |    6527 |    47 | 5.85e-04 | 6.56e+06 |      259 | -3.91310454e+03
  L  |    1.4 |    6710 |    49 | 7.09e-04 | 1.88e+05 |      283 | -9.71851995e+02
  L  |    1.5 |    6862 |    49 | 7.14e-04 | 3.40e+04 |      283 | -7.55005745e+02
  L  |    1.5 |    7012 |    50 | 7.14e-04 | 9.82e+04 |      211 | -5.78733873e+02
  L  |    1.6 |    7138 |    51 | 7.23e-04 | 1.78e+03 |      162 | -4.99568621e+02
  L  |    1.6 |    7233 |    51 | 5.33e-03 | 9.56e+03 |      162 | -3.69192125e+02
  L  |    1.7 |    7344 |    52 | 6.47e-03 | 1.52e+02 |       64 | -3.12619767e+02
  L  |    1.7 |    7470 |    53 | 9.61e-03 | 1.47e+01 |       43 | -2.84031314e+02
  L  |    1.8 |    7503 |    54 | 9.61e-03 | 1.16e-04 |        8 | -2.78141016e+02

Switching scaling.
Simplifier removed 5907 rows, 7799 columns, 43741 nonzeros, 1782 col bounds, 117097 row bounds
Reduced LP has 1494 rows 2977 columns 52946 nonzeros

  L  |    0.0 |       0 |     1 | 0.00e+00 | 7.81e+07 |      118 | -1.00000000e+06
  L  |    0.0 |      74 |     1 | 0.00e+00 | 2.38e+09 |      118 | -1.00000000e+06
  L  |    0.0 |     274 |     3 | 0.00e+00 | 5.57e+07 |      219 | -3.33333333e+05
  L  |    0.1 |     474 |     5 | 0.00e+00 | 7.35e+07 |      294 | -3.33333333e+05
  L  |    0.1 |     674 |     6 | 2.85e-08 | 1.51e+08 |      369 | -3.33333334e+05
  L  |    0.1 |     874 |     7 | 2.85e-08 | 9.58e+07 |      397 | -3.33333333e+05
  L  |    0.2 |    1074 |     8 | 2.85e-08 | 1.41e+08 |      369 | -3.33333333e+05
  L  |    0.2 |    1274 |     9 | 2.86e-08 | 8.88e+08 |      376 | -3.33333333e+05
  L  |    0.3 |    1474 |    10 | 2.87e-08 | 6.19e+07 |      404 | -3.33333333e+05
  L  |    0.3 |    1674 |    11 | 1.14e-08 | 3.01e+08 |      346 | -3.33333333e+05
  L  |    0.3 |    1874 |    12 | 1.15e-08 | 1.34e+09 |      377 | -3.33333329e+05
  L  |    0.4 |    2065 |    13 | 2.26e-04 | 5.74e+12 |      525 | -2.19168894e+05
  L  |    0.4 |    2259 |    14 | 3.01e-04 | 6.74e+12 |      531 | -1.83658717e+05
  L  |    0.5 |    2457 |    15 | 3.41e-04 | 6.39e+10 |      598 | -1.74954916e+05
  L  |    0.5 |    2657 |    16 | 3.43e-04 | 1.67e+09 |      638 | -1.73260188e+05
  L  |    0.6 |    2850 |    17 | 8.81e-04 | 1.43e+10 |      601 | -1.72380853e+05
type |   time |   iters | facts |    shift | viol sum | viol num | obj value 
  L  |    0.6 |    3043 |    19 | 6.25e-04 | 7.11e+09 |      570 | -1.68335146e+05
  L  |    0.7 |    3235 |    20 | 8.20e-04 | 1.05e+09 |      529 | -1.67790686e+05
  L  |    0.7 |    3422 |    21 | 1.12e-03 | 5.55e+08 |      541 | -1.67071291e+05
  L  |    0.8 |    3607 |    22 | 1.75e-03 | 2.64e+08 |      458 | -1.67025322e+05
  L  |    0.8 |    3800 |    23 | 1.91e-03 | 6.47e+09 |      452 | -1.66939008e+05
  L  |    0.8 |    3986 |    23 | 2.16e-03 | 3.76e+08 |      452 | -1.66843539e+05
  L  |    0.9 |    4170 |    24 | 2.65e-03 | 6.67e+08 |      392 | -1.66807673e+05
  L  |    0.9 |    4357 |    25 | 3.40e-03 | 1.30e+08 |      397 | -1.66816644e+05
  L  |    1.0 |    4540 |    27 | 2.13e-03 | 1.10e+08 |      340 | -1.66814294e+05
  L  |    1.1 |    4722 |    28 | 2.71e-03 | 2.72e+08 |      288 | -1.66764484e+05
  L  |    1.1 |    4908 |    29 | 3.38e-03 | 9.59e+07 |      295 | -1.66681398e+05
  L  |    1.2 |    5093 |    30 | 3.97e-03 | 8.36e+07 |      291 | -1.66735559e+05
  L  |    1.2 |    5273 |    30 | 6.11e-03 | 7.18e+07 |      291 | -1.67011118e+05
  L  |    1.3 |    5458 |    31 | 7.59e-03 | 7.07e+07 |      348 | -1.67043630e+05
  L  |    1.3 |    5638 |    32 | 8.27e-03 | 9.78e+07 |      367 | -1.66958079e+05
  L  |    1.4 |    5809 |    33 | 1.02e-02 | 2.70e+08 |      316 | -1.67013393e+05
  L  |    1.4 |    5971 |    34 | 1.09e-02 | 8.08e+08 |      273 | -1.65007268e+05
  L  |    1.5 |    6139 |    35 | 5.62e-03 | 5.77e+08 |      264 | -1.60665825e+05
  L  |    1.6 |    6318 |    36 | 6.38e-03 | 1.02e+08 |      271 | -1.58829572e+05
  L  |    1.6 |    6480 |    37 | 7.17e-03 | 8.20e+08 |      332 | -1.41725968e+05
  L  |    1.7 |    6639 |    38 | 7.89e-03 | 3.84e+08 |      256 | -1.32266970e+05
  L  |    1.7 |    6810 |    39 | 8.51e-03 | 5.44e+07 |      308 | -6.43985248e+03
  L  |    1.8 |    6982 |    40 | 9.13e-03 | 1.15e+08 |      305 | -4.42651256e+03
  L  |    1.8 |    7156 |    40 | 9.89e-03 | 1.94e+08 |      305 | -4.41600295e+03
  L  |    1.9 |    7322 |    41 | 1.13e-02 | 5.43e+07 |      225 | -4.34354164e+03
  L  |    1.9 |    7499 |    43 | 8.23e-03 | 8.26e+07 |      240 | -4.41640209e+03
  L  |    2.0 |    7677 |    44 | 9.36e-03 | 3.76e+07 |      278 | -4.50181320e+03
  L  |    2.1 |    7852 |    45 | 1.01e-02 | 4.64e+07 |      221 | -4.54676252e+03
  L  |    2.1 |    8033 |    46 | 1.14e-02 | 1.46e+07 |      209 | -4.44610578e+03
  L  |    2.2 |    8210 |    47 | 1.23e-02 | 3.12e+06 |      198 | -4.37761776e+03
type |   time |   iters | facts |    shift | viol sum | viol num | obj value 
  L  |    2.2 |    8387 |    48 | 1.42e-02 | 7.85e+06 |      204 | -4.32523847e+03
  L  |    2.3 |    8577 |    49 | 1.60e-02 | 2.84e+07 |      219 | -4.46113821e+03
  L  |    2.4 |    8749 |    50 | 1.73e-02 | 6.44e+06 |      221 | -4.70932167e+03
  L  |    2.4 |    8922 |    51 | 1.83e-02 | 1.96e+06 |      190 | -4.24936377e+03
  L  |    2.5 |    9099 |    52 | 1.21e-02 | 1.78e+07 |      188 | -4.04763311e+03
  L  |    2.5 |    9274 |    53 | 1.38e-02 | 5.24e+07 |      183 | -4.05030312e+03
  L  |    2.6 |    9469 |    54 | 1.53e-02 | 9.06e+06 |      182 | -4.06747045e+03
  L  |    2.7 |    9655 |    55 | 1.56e-02 | 1.07e+07 |      162 | -4.02633493e+03
  L  |    2.7 |    9828 |    56 | 1.63e-02 | 1.98e+06 |      164 | -3.98508987e+03
  L  |    2.8 |    9995 |    57 | 1.72e-02 | 1.04e+06 |      129 | -3.84616459e+03
 --- initializing steepest edge multipliers
 --- active pricer: SteepEx
  L  |    2.9 |   10161 |    57 | 1.91e-02 | 2.72e+06 |      129 | -3.54510872e+03
  L  |    3.0 |   10289 |    58 | 2.23e-02 | 1.17e+06 |      155 | -1.44993939e+03
  L  |    3.1 |   10422 |    59 | 3.47e-02 | 8.78e+05 |       89 | -9.28236882e+02
  L  |    3.1 |   10436 |    60 | 3.47e-02 | 4.29e-05 |       12 | -9.27826966e+02

Switching simplification.
Equilibrium scaling LP

 --- initializing steepest edge multipliers
 --- initializing steepest edge multipliers
  L  |    0.0 |       0 |     1 | 0.00e+00 | 1.11e+06 |       15 | -1.00000000e+06
 --- active pricer: Devex
  L  |    0.0 |     145 |     1 | 0.00e+00 | 2.39e+08 |       15 | -1.00000000e+06
  L  |    0.1 |     345 |     2 | 0.00e+00 | 4.59e+07 |      129 | -3.33333333e+05
  L  |    0.1 |     545 |     3 | 0.00e+00 | 1.28e+08 |      169 | -3.33333333e+05
  L  |    0.2 |     745 |     4 | 0.00e+00 | 1.25e+08 |      278 | -3.33333333e+05
  L  |    0.2 |     945 |     5 | 3.12e-08 | 8.36e+07 |      317 | -3.33333333e+05
  L  |    0.3 |    1145 |     6 | 3.12e-08 | 9.89e+07 |      267 | -3.33333333e+05
  L  |    0.3 |    1345 |     7 | 3.13e-08 | 8.51e+07 |      296 | -3.33333333e+05
  L  |    0.4 |    1545 |     8 | 3.13e-08 | 1.52e+08 |      326 | -3.33333333e+05
  L  |    0.4 |    1745 |     9 | 3.13e-08 | 1.10e+08 |      303 | -3.33333333e+05
  L  |    0.5 |    1945 |    10 | 3.13e-08 | 6.56e+07 |      252 | -3.33333333e+05
  L  |    0.5 |    2145 |    11 | 3.13e-08 | 6.74e+07 |      366 | -3.33333333e+05
  L  |    0.6 |    2345 |    12 | 3.13e-08 | 7.42e+07 |      379 | -3.33333332e+05
  L  |    0.6 |    2545 |    13 | 3.13e-08 | 1.33e+08 |      348 | -3.33333332e+05
  L  |    0.7 |    2745 |    14 | 3.14e-08 | 1.44e+08 |      399 | -3.33333331e+05
  L  |    0.7 |    2945 |    15 | 3.14e-08 | 1.71e+08 |      397 | -3.33333331e+05
  L  |    0.8 |    3145 |    16 | 3.14e-08 | 6.83e+07 |      462 | -2.33468756e+05
  L  |    0.8 |    3345 |    17 | 3.14e-08 | 7.13e+08 |      361 | -2.00008387e+05
type |   time |   iters | facts |    shift | viol sum | viol num | obj value 
  L  |    0.9 |    3545 |    18 | 3.14e-08 | 4.70e+07 |      398 | -1.85189462e+05
  L  |    1.0 |    3745 |    19 | 3.14e-08 | 3.81e+07 |      453 | -1.40591561e+05
  L  |    1.0 |    3945 |    20 | 3.14e-08 | 1.05e+08 |      430 | -1.22995336e+05
  L  |    1.1 |    4145 |    21 | 3.14e-08 | 1.73e+07 |      469 | -9.70165004e+04
  L  |    1.2 |    4345 |    22 | 3.14e-08 | 7.36e+06 |      400 | -7.63160700e+04
  L  |    1.2 |    4545 |    23 | 3.14e-08 | 1.50e+07 |      515 | -5.72652180e+04
  L  |    1.3 |    4704 |    24 | 3.49e-08 | 3.49e+07 |      511 | -5.29795949e+03
  L  |    1.3 |    4874 |    25 | 5.18e-08 | 5.47e+07 |      702 | -5.29795905e+03
  L  |    1.4 |    5000 |    26 | 1.10e-07 | 6.09e+07 |      698 | -5.29795852e+03
  L  |    1.5 |    5156 |    26 | 2.02e-06 | 1.48e+08 |      698 | -5.29794845e+03
  L  |    1.6 |    5300 |    29 | 7.70e-05 | 4.55e+07 |      871 | -3.17942533e+03
  L  |    1.6 |    5448 |    30 | 6.10e-04 | 1.00e+08 |      908 | -3.07865953e+03
  L  |    1.7 |    5586 |    31 | 2.94e-03 | 5.22e+08 |      831 | -2.81173524e+03
  L  |    1.8 |    5726 |    32 | 1.15e-02 | 7.53e+07 |      880 | -2.40777410e+03
  L  |    1.9 |    5829 |    32 | 2.57e-02 | 3.52e+07 |      880 | -2.36108764e+03
  L  |    2.0 |    5956 |    33 | 4.96e-02 | 1.73e+07 |      886 | -3.39488881e+03
  L  |    2.1 |    6140 |    34 | 6.14e-02 | 5.72e+06 |      879 | -5.01978542e+03
  L  |    2.2 |    6314 |    35 | 6.86e-02 | 4.27e+06 |      849 | -4.86897351e+03
  L  |    2.3 |    6442 |    37 | 7.91e-02 | 2.90e+06 |      790 | -4.82793496e+03
  L  |    2.4 |    6589 |    38 | 8.43e-02 | 8.85e+05 |      690 | -5.02193290e+03
  L  |    2.5 |    6767 |    39 | 8.84e-02 | 6.28e+05 |      707 | -5.09994603e+03
  L  |    2.6 |    6909 |    41 | 9.11e-02 | 9.36e+05 |      634 | -5.14182849e+03
  L  |    2.7 |    7046 |    41 | 9.57e-02 | 5.71e+05 |      634 | -5.03522646e+03
  L  |    2.8 |    7145 |    42 | 1.17e-01 | 4.59e+05 |      680 | -4.66742127e+03
  L  |    2.9 |    7271 |    44 | 1.24e-01 | 4.00e+05 |      800 | -4.37365303e+03
  L  |    3.1 |    7423 |    49 | 8.61e-02 | 1.06e+05 |      793 | -3.31384512e+03
  L  |    3.2 |    7522 |    49 | 8.68e-02 | 9.34e+04 |      793 | -3.24619699e+03
  L  |    3.3 |    7651 |    51 | 9.27e-02 | 2.91e+05 |      702 | -2.84143550e+03
  L  |    3.4 |    7792 |    52 | 9.31e-02 | 2.80e+05 |      658 | -2.70669165e+03
  L  |    3.5 |    7945 |    54 | 9.63e-02 | 2.68e+04 |      792 | -2.61818744e+03
type |   time |   iters | facts |    shift | viol sum | viol num | obj value 
  L  |    3.6 |    8059 |    55 | 9.72e-02 | 3.70e+04 |      774 | -2.57217187e+03
  L  |    3.7 |    8185 |    55 | 9.75e-02 | 8.58e+03 |      774 | -2.56511174e+03
  L  |    3.8 |    8285 |    56 | 9.93e-02 | 1.21e+03 |      593 | -2.55325878e+03
  L  |    3.9 |    8414 |    57 | 9.93e-02 | 8.42e+02 |      452 | -2.52731623e+03
  L  |    4.0 |    8483 |    57 | 9.94e-02 | 8.16e+02 |      452 | -2.52265439e+03
  L  |    4.1 |    8581 |    57 | 9.95e-02 | 8.06e+02 |      452 | -2.50889823e+03
  L  |    4.2 |    8659 |    58 | 1.01e-01 | 7.08e+02 |      314 | -2.48693464e+03
  L  |    4.3 |    8726 |    58 | 1.08e-01 | 5.41e+02 |      314 | -2.47974316e+03
  L  |    4.4 |    8797 |    60 | 1.14e-01 | 7.05e+02 |      314 | -2.45867339e+03
  L  |    4.5 |    8873 |    60 | 1.26e-01 | 2.09e+02 |      314 | -2.44725105e+03
  L  |    4.6 |    8977 |    61 | 1.77e-01 | 5.94e+01 |      162 | -2.42551162e+03
  L  |    4.7 |    9141 |    62 | 2.15e-01 | 3.67e+01 |       93 | -6.49487176e+03
  L  |    4.8 |    9240 |    62 | 2.40e-01 | 1.02e-01 |       93 | -6.49356138e+03
  L  |    4.9 |    9295 |    63 | 2.81e-01 | 1.83e-04 |       10 | -6.49354617e+03

Relaxing tolerances.
Equilibrium scaling LP

  E  |    0.0 |       0 |     1 | 1.11e+06 | 0.00e+00 |        0 | -1.00000000e+06
  L  |    0.0 |       0 |     1 | 0.00e+00 | 1.11e+06 |       15 | -1.00000000e+06
  L  |    0.0 |      40 |     1 | 0.00e+00 | 9.44e+07 |       15 | -1.00000000e+06
  L  |    0.0 |     240 |     2 | 0.00e+00 | 1.75e+08 |      133 | -3.33333333e+05
  L  |    0.1 |     440 |     3 | 0.00e+00 | 5.32e+07 |      181 | -3.33333333e+05
  L  |    0.1 |     640 |     4 | 0.00e+00 | 6.68e+07 |      162 | -3.33333333e+05
  L  |    0.1 |     840 |     5 | 1.38e-06 | 7.53e+07 |      348 | -3.33333456e+05
  L  |    0.2 |    1040 |     6 | 1.38e-06 | 6.18e+07 |      327 | -3.33333456e+05
  L  |    0.2 |    1240 |     7 | 2.90e-05 | 8.94e+07 |      359 | -3.33333424e+05
  L  |    0.3 |    1440 |     8 | 2.90e-05 | 2.61e+08 |      431 | -3.33333258e+05
  L  |    0.4 |    1640 |     9 | 2.91e-05 | 1.09e+08 |      366 | -3.33333141e+05
  L  |    0.4 |    1840 |    10 | 2.91e-05 | 7.91e+07 |      401 | -3.33333024e+05
  L  |    0.5 |    2040 |    11 | 2.91e-05 | 3.65e+07 |      296 | -3.33332921e+05
  L  |    0.5 |    2240 |    12 | 2.91e-05 | 8.01e+07 |      317 | -3.33332772e+05
  L  |    0.6 |    2440 |    13 | 2.92e-05 | 6.03e+07 |      381 | -3.33332577e+05
  L  |    0.6 |    2640 |    14 | 2.92e-05 | 3.88e+07 |      360 | -2.49999381e+05
  L  |    0.7 |    2840 |    15 | 2.92e-05 | 1.88e+07 |      288 | -2.16666008e+05
  L  |    0.7 |    3040 |    16 | 2.92e-05 | 4.90e+07 |      318 | -2.16665721e+05
  L  |    0.8 |    3240 |    17 | 2.92e-05 | 5.33e+07 |      303 | -1.99404187e+05
type |   time |   iters | facts |    shift | viol sum | viol num | obj value 
  L  |    0.9 |    3440 |    18 | 2.92e-05 | 4.64e+08 |      341 | -1.66172247e+05
  L  |    0.9 |    3640 |    19 | 2.92e-05 | 1.41e+07 |      340 | -1.13000089e+05
  L  |    1.0 |    3840 |    20 | 2.92e-05 | 1.25e+07 |      287 | -8.63870320e+04
  L  |    1.0 |    4040 |    21 | 2.92e-05 | 1.05e+08 |      304 | -5.72663758e+04
  L  |    1.1 |    4240 |    22 | 2.92e-05 | 7.97e+05 |      368 | -5.56489686e+04
  L  |    1.1 |    4437 |    23 | 2.92e-05 | 7.92e+05 |      291 | -4.90841736e+04
  L  |    1.2 |    4634 |    24 | 2.93e-05 | 1.22e+07 |      479 | -4.60878195e+04
  L  |    1.3 |    4832 |    25 | 8.11e-05 | 3.04e+07 |      484 | -2.84994809e+04
  L  |    1.3 |    4997 |    25 | 1.14e-03 | 4.64e+06 |      484 | -2.86956139e+03
  L  |    1.4 |    5130 |    26 | 1.92e-03 | 4.36e+07 |      564 | -2.17884635e+03
  L  |    1.4 |    5271 |    27 | 5.70e-03 | 5.92e+07 |      709 | -1.88927347e+03
  L  |    1.5 |    5386 |    27 | 8.23e-03 | 2.18e+07 |      709 | -2.65691379e+03
  L  |    1.5 |    5486 |    28 | 1.33e-02 | 4.41e+05 |      599 | -5.37824639e+03
  L  |    1.6 |    5608 |    29 | 1.71e-02 | 3.29e+04 |      517 | -6.15756634e+03
  L  |    1.7 |    5727 |    30 | 1.92e-02 | 1.03e+05 |      554 | -5.18098368e+03
  L  |    1.7 |    5829 |    32 | 2.43e-02 | 2.74e+04 |      391 | -2.77944824e+03
  L  |    1.8 |    5935 |    32 | 4.07e-02 | 3.38e+04 |      391 | -3.48631855e+03
  L  |    1.9 |    6045 |    33 | 5.25e-02 | 1.25e+04 |      412 | -2.83232845e+03
  L  |    2.0 |    6137 |    33 | 7.24e-02 | 1.38e+05 |      412 | -2.02321834e+03
  L  |    2.1 |    6281 |    34 | 8.00e-02 | 1.07e+04 |      318 | -1.87158771e+03
  L  |    2.2 |    6381 |    35 | 8.06e-02 | 9.72e+03 |      307 | -1.82619609e+03
  L  |    2.3 |    6464 |    36 | 8.56e-02 | 1.59e+04 |      289 | -1.73187641e+03
  L  |    2.4 |    6598 |    38 | 1.05e-01 | 3.24e+04 |      293 | -1.67222189e+03
  L  |    2.5 |    6673 |    38 | 1.24e-01 | 3.08e+04 |      293 | -1.64545613e+03
  L  |    2.6 |    6749 |    39 | 1.24e-01 | 3.17e+04 |      242 | -1.63328609e+03
  L  |    2.7 |    6871 |    39 | 1.24e-01 | 3.28e+04 |      242 | -1.63112533e+03
  L  |    2.8 |    6941 |    40 | 1.24e-01 | 5.02e+04 |      163 | -1.47559619e+03
  L  |    2.9 |    7048 |    40 | 1.48e-01 | 2.49e+04 |      163 | -1.29310059e+03
  L  |    3.0 |    7133 |    41 | 1.67e-01 | 5.77e+02 |      101 | -1.28075984e+03
  L  |    3.1 |    7255 |    41 | 2.57e-01 | 1.51e+05 |      101 | -6.62196536e+02
type |   time |   iters | facts |    shift | viol sum | viol num | obj value 
  L  |    3.1 |    7351 |    42 | 3.05e-01 | 2.80e-02 |       37 | -5.73958787e+02
  L  |    3.3 |    7429 |    49 | 2.63e-01 | 9.82e-01 |        1 | -5.50322228e+02
  E  |    3.3 |    7440 |    50 | 0.00e+00 | 1.00e+00 |        1 | 0.00000000e+00
  E  |    3.4 |    7562 |    50 | 0.00e+00 | 4.94e+04 |        1 | -6.08921076e+01
  E  |    3.5 |    7625 |    52 | 5.53e-03 | 3.74e+00 |      122 | -6.96528204e+01
  E  |    3.5 |    7707 |    52 | 1.16e-02 | 4.15e+02 |      122 | -7.02645834e+01
  E  |    3.6 |    7796 |    52 | 2.65e-02 | 1.28e+03 |      122 | -7.11732602e+01
  L  |    3.6 |    7800 |    53 | 0.00e+00 | 7.55e+02 |       32 | -6.69329660e+01
  L  |    3.7 |    7860 |    53 | 5.62e-04 | 1.37e-01 |       32 | -6.20271062e+01
  E  |    3.8 |    7879 |    58 | 0.00e+00 | 5.51e-03 |       11 | -6.04917279e+01
  E  |    3.8 |    7888 |    59 | 0.00e+00 | 0.00e+00 |        0 | -6.18686201e+01

Floating-point optimal.
Max. bound violation = 3/2251799813685248
Max. row violation = 175007240258747/1208925819614629174706176
Max. reduced cost violation = 2126921866941129/2417851639229258349412352
Max. dual violation = 0
Performing rational reconstruction . . .
Reconstructed solution primal infeasible (1).
Refined floating-point solve . . .

  L  |    0.0 |       0 |     1 | 0.00e+00 | 1.10e-12 |        1 | -3.67726358e+04
  L  |    0.1 |       1 |     9 | 7.24e-12 | 1.10e-12 |        1 | -3.67726358e+04
Caught exception <Basis is singular (numerical troubles, feastol = 1e-12, opttol = 1e-14)> while solving Real LP.

Numerical troubles during floating-point solve.
Turning off preprocessing.

  L  |    0.0 |       0 |     1 | 0.00e+00 | 1.20e+24 |     2884 | -7.33468470e+26
  L  |    0.0 |      43 |     2 | 0.00e+00 | 2.70e+22 |     2882 | -7.33468470e+26
  L  |    0.0 |     243 |     3 | 0.00e+00 | 1.04e+22 |     2691 | -7.33468470e+26
  L  |    0.0 |     443 |     4 | 0.00e+00 | 8.35e+21 |     2507 | -7.33468470e+26
  L  |    0.0 |     643 |     5 | 0.00e+00 | 1.29e+21 |     2272 | -7.33468470e+26
  L  |    0.0 |     843 |     6 | 0.00e+00 | 1.71e+19 |     2204 | -7.33468470e+26
  L  |    0.1 |    1043 |     7 | 0.00e+00 | 1.01e+19 |     2243 | -7.33468470e+26
  L  |    0.1 |    1243 |     8 | 0.00e+00 | 8.47e+18 |     2123 | -7.33468470e+26
  L  |    0.1 |    1443 |     9 | 0.00e+00 | 6.14e+18 |     2020 | -7.33468470e+26
  L  |    0.1 |    1643 |    10 | 0.00e+00 | 4.71e+18 |     2002 | -7.33468470e+26
  L  |    0.1 |    1843 |    11 | 0.00e+00 | 3.70e+19 |     1952 | -7.33468470e+26
  L  |    0.1 |    2043 |    12 | 0.00e+00 | 3.30e+18 |     1675 | -6.34714275e+26
  L  |    0.1 |    2243 |    13 | 0.00e+00 | 3.65e+18 |     1493 | -2.26700624e+12
  L  |    0.1 |    2443 |    14 | 0.00e+00 | 2.12e+18 |     1342 | -8.65775288e+11
  L  |    0.1 |    2643 |    15 | 0.00e+00 | 1.66e+18 |     1263 | -7.69893649e+11
  L  |    0.1 |    2843 |    16 | 0.00e+00 | 1.45e+18 |     1172 | -6.93154805e+11
  L  |    0.1 |    3043 |    17 | 0.00e+00 | 9.89e+17 |     1021 | -5.95747840e+11
  L  |    0.2 |    3243 |    18 | 0.00e+00 | 8.75e+17 |      910 | -5.64086722e+11
  L  |    0.2 |    3443 |    19 | 1.25e-12 | 1.23e+18 |      860 | -4.94630403e+11
  L  |    0.2 |    3640 |    20 | 1.14e-06 | 3.91e+17 |      783 | -4.32231650e+11
  L  |    0.3 |    3840 |    21 | 1.14e-06 | 3.99e+17 |      826 | -3.71500544e+11
  L  |    0.3 |    4040 |    22 | 1.14e-06 | 1.13e+17 |      886 | -3.49552100e+11
  L  |    0.4 |    4238 |    23 | 1.91e-04 | 3.15e+18 |      731 | -1.87865797e+11
  L  |    0.5 |    4433 |    24 | 4.12e-04 | 6.16e+16 |      723 | -1.72468665e+10
type |   time |   iters | facts |    shift | viol sum | viol num | obj value 
  L  |    0.5 |    4604 |    25 | 5.41e-04 | 1.45e+18 |      739 | 5.30288260e+11
  L  |    0.6 |    4767 |    25 | 7.55e-03 | 1.35e+17 |      739 | 4.38552620e+11
  L  |    0.6 |    4916 |    26 | 9.71e-03 | 2.25e+17 |      810 | 2.23818125e+11
  L  |    0.7 |    5073 |    27 | 1.36e-02 | 1.52e+17 |      835 | -1.14621865e+11
  L  |    0.8 |    5208 |    28 | 1.61e-02 | 1.30e+17 |      799 | 4.78432269e+11
  L  |    0.9 |    5392 |    28 | 2.11e-02 | 1.92e+16 |      799 | 5.73306983e+11
  L  |    1.0 |    5555 |    29 | 2.40e-02 | 1.80e+17 |     1031 | 1.89943532e+11
  L  |    1.1 |    5720 |    30 | 2.69e-02 | 3.26e+14 |      849 | -4.36754158e+10
  L  |    1.2 |    5873 |    31 | 2.91e-02 | 2.71e+15 |      711 | -4.57922447e+10
  L  |    1.3 |    6035 |    32 | 2.96e-02 | 6.75e+13 |      751 | -6.17315676e+10
  L  |    1.4 |    6201 |    33 | 3.01e-02 | 2.71e+13 |      664 | -6.30564915e+10
  L  |    1.5 |    6363 |    33 | 3.08e-02 | 3.90e+13 |      664 | -4.37914670e+11
  L  |    1.7 |    6508 |    34 | 3.24e-02 | 2.76e+12 |      448 | -4.37452937e+11
  L  |    1.8 |    6643 |    35 | 3.25e-02 | 7.91e+11 |      292 | -4.37316574e+11
  L  |    1.9 |    6766 |    35 | 3.33e-02 | 6.13e+12 |      292 | -4.36928833e+11
  L  |    2.0 |    6891 |    36 | 3.46e-02 | 6.90e+10 |      144 | -4.36530740e+11
  L  |    2.3 |    7012 |    53 | 3.47e-02 | 2.11e+04 |       32 | -4.36166631e+11
  L  |    3.0 |    7112 |   103 | 3.65e-02 | 2.11e+04 |       32 | -4.36166631e+11
  L  |    3.7 |    7212 |   153 | 3.65e-02 | 2.11e+04 |       32 | -4.36166631e+11
  L  |    4.3 |    7312 |   203 | 3.65e-02 | 2.11e+04 |       32 | -4.36166631e+11
  L  |    5.0 |    7412 |   253 | 3.30e-02 | 2.11e+04 |       32 | -4.36166631e+11
  L  |    5.7 |    7512 |   303 | 3.30e-02 | 2.11e+04 |       32 | -9.50370393e+10
  L  |    6.4 |    7612 |   353 | 3.30e-02 | 2.11e+04 |       32 | -9.50370393e+10
  L  |    7.1 |    7712 |   403 | 3.30e-02 | 2.11e+04 |       32 | -9.50370393e+10
  L  |    7.8 |    7812 |   453 | 3.30e-02 | 2.11e+04 |       32 | -9.50370393e+10
  L  |    8.5 |    7912 |   503 | 3.30e-02 | 2.11e+04 |       32 | -9.50370393e+10
  L  |    9.2 |    8012 |   553 | 3.30e-02 | 2.11e+04 |       32 | -9.50370393e+10
  L  |    9.9 |    8112 |   603 | 3.30e-02 | 2.11e+04 |       32 | -9.50370393e+10
  L  |   10.5 |    8212 |   653 | 3.30e-02 | 2.11e+04 |       32 | -9.50370393e+10
  L  |   11.2 |    8312 |   703 | 3.30e-02 | 2.11e+04 |       32 | -9.50370393e+10
type |   time |   iters | facts |    shift | viol sum | viol num | obj value 
  L  |   11.8 |    8412 |   753 | 3.30e-02 | 2.11e+04 |       32 | -9.50370393e+10
  L  |   12.5 |    8512 |   803 | 3.30e-02 | 2.11e+04 |       32 | -9.50370393e+10
  L  |   13.2 |    8612 |   853 | 3.30e-02 | 2.11e+04 |       32 | -9.50370393e+10
  L  |   13.9 |    8712 |   903 | 3.30e-02 | 2.11e+04 |       32 | -9.50370393e+10
  L  |   14.5 |    8812 |   953 | 3.30e-02 | 2.11e+04 |       32 | -9.50370393e+10
  L  |   15.2 |    8912 |  1003 | 3.30e-02 | 2.11e+04 |       32 | -9.50370393e+10
  L  |   15.9 |    9012 |  1053 | 3.30e-02 | 2.11e+04 |       32 | -9.50370393e+10
  L  |   16.6 |    9112 |  1103 | 3.30e-02 | 2.11e+04 |       32 | -9.50370393e+10
  L  |   17.3 |    9212 |  1153 | 3.30e-02 | 2.11e+04 |       32 | -9.50370393e+10
  L  |   17.9 |    9312 |  1203 | 3.30e-02 | 2.11e+04 |       32 | -9.50370393e+10
  L  |   18.6 |    9412 |  1253 | 3.30e-02 | 2.11e+04 |       32 | -9.50370393e+10
  L  |   19.2 |    9512 |  1303 | 3.30e-02 | 2.11e+04 |       32 | -9.50370393e+10
  L  |   19.9 |    9612 |  1353 | 3.30e-02 | 2.11e+04 |       32 | -9.50370393e+10
  L  |   20.6 |    9712 |  1403 | 3.30e-02 | 2.11e+04 |       32 | -9.50370393e+10
  L  |   21.2 |    9812 |  1453 | 3.30e-02 | 2.11e+04 |       32 | -9.50370393e+10
  L  |   21.9 |    9912 |  1503 | 3.30e-02 | 2.11e+04 |       32 | -9.50370393e+10
 --- initializing steepest edge multipliers
 --- active pricer: SteepEx
  L  |   22.9 |   10005 |  1549 | 3.30e-02 | 1.56e+04 |       33 | -9.50369256e+10
  L  |   23.4 |   10097 |  1586 | 3.30e-02 | 4.22e-01 |       27 | -9.47297867e+10
  L  |   24.3 |   10230 |  1653 | 3.30e-02 | 6.72e-01 |       25 | -9.47297867e+10
  L  |   25.1 |   10364 |  1719 | 3.30e-02 | 1.72e-01 |       25 | -9.47297867e+10
  L  |   26.0 |   10497 |  1786 | 3.30e-02 | 4.22e-01 |       27 | -9.47297867e+10
  L  |   26.9 |   10630 |  1853 | 3.30e-02 | 6.72e-01 |       25 | -9.47297867e+10
  L  |   27.8 |   10764 |  1919 | 3.30e-02 | 1.72e-01 |       25 | -9.47297867e+10
  L  |   28.7 |   10897 |  1986 | 3.30e-02 | 4.22e-01 |       27 | -9.47297867e+10
  L  |   29.6 |   11030 |  2053 | 3.30e-02 | 6.72e-01 |       25 | -9.47297867e+10
  L  |   30.6 |   11164 |  2119 | 3.30e-02 | 1.72e-01 |       25 | -9.47297867e+10
  L  |   31.5 |   11297 |  2186 | 3.30e-02 | 4.22e-01 |       27 | -9.47297867e+10
  L  |   32.4 |   11430 |  2253 | 3.30e-02 | 6.72e-01 |       25 | -9.47297867e+10
  L  |   33.3 |   11564 |  2319 | 3.30e-02 | 1.72e-01 |       25 | -9.47297867e+10
  L  |   34.2 |   11697 |  2386 | 3.30e-02 | 4.22e-01 |       27 | -9.47297867e+10
type |   time |   iters | facts |    shift | viol sum | viol num | obj value 
  L  |   35.1 |   11830 |  2453 | 3.30e-02 | 6.72e-01 |       25 | -9.47297867e+10
  L  |   35.9 |   11964 |  2519 | 3.30e-02 | 1.72e-01 |       25 | -9.47297867e+10
  L  |   36.8 |   12097 |  2586 | 3.30e-02 | 4.22e-01 |       27 | -9.47297867e+10
  L  |   37.7 |   12230 |  2653 | 3.30e-02 | 6.72e-01 |       25 | -9.47297867e+10
  L  |   38.6 |   12364 |  2719 | 3.30e-02 | 1.72e-01 |       25 | -9.47297867e+10
  L  |   39.5 |   12497 |  2786 | 3.30e-02 | 4.22e-01 |       27 | -9.47297867e+10
  L  |   40.4 |   12630 |  2853 | 3.30e-02 | 6.72e-01 |       25 | -9.47297867e+10
  L  |   41.3 |   12764 |  2919 | 3.30e-02 | 1.72e-01 |       25 | -9.47297867e+10
  L  |   42.2 |   12897 |  2986 | 3.30e-02 | 4.22e-01 |       27 | -9.47297867e+10
  L  |   43.1 |   13030 |  3053 | 3.30e-02 | 6.72e-01 |       25 | -9.47297867e+10
  L  |   44.0 |   13164 |  3119 | 3.30e-02 | 1.72e-01 |       25 | -9.47297867e+10
  L  |   44.8 |   13297 |  3186 | 3.30e-02 | 4.22e-01 |       27 | -9.47297867e+10
  L  |   45.6 |   13430 |  3253 | 3.30e-02 | 6.72e-01 |       25 | -9.47297867e+10
  L  |   46.5 |   13564 |  3319 | 3.30e-02 | 1.72e-01 |       25 | -9.47297867e+10
  L  |   47.4 |   13697 |  3386 | 3.30e-02 | 4.22e-01 |       27 | -9.47297867e+10
  L  |   48.3 |   13830 |  3453 | 3.30e-02 | 6.72e-01 |       25 | -9.47297867e+10
  L  |   49.2 |   13964 |  3519 | 3.30e-02 | 1.72e-01 |       25 | -9.47297867e+10
  L  |   50.1 |   14097 |  3586 | 3.30e-02 | 4.22e-01 |       27 | -9.47297867e+10
  L  |   50.9 |   14230 |  3653 | 3.30e-02 | 6.72e-01 |       25 | -9.47297867e+10
  L  |   51.7 |   14364 |  3719 | 3.30e-02 | 1.72e-01 |       25 | -9.47297867e+10
  L  |   52.6 |   14497 |  3786 | 3.30e-02 | 4.22e-01 |       27 | -9.47297867e+10
  L  |   53.5 |   14630 |  3853 | 3.30e-02 | 6.72e-01 |       25 | -9.47297867e+10
  L  |   54.4 |   14764 |  3919 | 3.30e-02 | 1.72e-01 |       25 | -9.47297867e+10
  L  |   55.3 |   14898 |  3986 | 3.30e-02 | 1.72e-01 |       27 | -9.47297867e+10
  L  |   56.2 |   15031 |  4053 | 3.30e-02 | 4.22e-01 |       25 | -9.47297867e+10
  L  |   57.0 |   15164 |  4120 | 3.30e-02 | 6.72e-01 |       27 | -9.47297867e+10
  L  |   57.9 |   15298 |  4186 | 3.30e-02 | 1.72e-01 |       27 | -9.47297867e+10
  L  |   58.8 |   15431 |  4253 | 3.30e-02 | 4.22e-01 |       25 | -9.47297867e+10
  L  |   59.7 |   15564 |  4320 | 3.30e-02 | 6.72e-01 |       27 | -9.47297867e+10
  L  |   60.5 |   15698 |  4386 | 3.30e-02 | 1.72e-01 |       27 | -9.47297867e+10
type |   time |   iters | facts |    shift | viol sum | viol num | obj value 
  L  |   61.4 |   15831 |  4453 | 3.30e-02 | 4.22e-01 |       25 | -9.47297867e+10
  L  |   62.3 |   15964 |  4520 | 3.30e-02 | 6.72e-01 |       27 | -9.47297867e+10
  L  |   63.2 |   16098 |  4586 | 3.30e-02 | 1.72e-01 |       27 | -9.47297867e+10
  L  |   64.2 |   16231 |  4653 | 3.30e-02 | 4.22e-01 |       25 | -9.47297867e+10
  L  |   65.0 |   16364 |  4720 | 3.30e-02 | 6.72e-01 |       27 | -9.47297867e+10
  L  |   65.9 |   16498 |  4786 | 3.30e-02 | 1.72e-01 |       27 | -9.47297867e+10slurmstepd: error: *** JOB 17441142 ON p-bc-5005 CANCELLED AT 2024-08-01T15:41:43 ***
