--- Job runRBA.gms Start 05/21/24 15:19:53 42.1.0 cb854401 LEX-LEG x86 64bit/Linux
--- Applying:
    /storage/icds/RISE/sw8/gams/gams42.1_linux_x64_64_sfx/gmsprmun.txt
--- GAMS Parameters defined
    Input /storage/home/ejm6426/scratch/scRBA/pycore/binary_search/runRBA.gms
    Output /dev/null
    ScrDir /storage/home/ejm6426/scratch/scRBA/pycore/binary_search/225a/
    SysDir /storage/icds/RISE/sw8/gams/gams42.1_linux_x64_64_sfx/
    --mu 0
Licensee: Single User License                            G231219|0002AO-LNX
          The Pennsylvania State University, Institute for CyberDC15032-S17
          /storage/icds/RISE/sw8/gams/gams42.1_linux_x64_64_sfx/gamslice.txt
          License Admin: Rob Groner, rug262@psu.edu                        
Processor information: 2 socket(s), 24 core(s), and 24 thread(s) available
GAMS 42.1.0   Copyright (C) 1987-2023 GAMS Development. All rights reserved
--- Starting compilation
--- runRBA.gms(6) 2 Mb
--- . runRBA_GAMS_settings.txt(15) 2 Mb
--- runRBA.gms(46) 2 Mb
--- . RBA_species.txt(3809) 3 Mb
--- runRBA.gms(48) 3 Mb
--- . RBA_rxns.txt(9047) 4 Mb
--- runRBA.gms(50) 4 Mb
--- . RBA_rxns_prosyn.txt(1211) 4 Mb
--- runRBA.gms(52) 4 Mb
--- . RBA_rxns_prowaste.txt(1210) 4 Mb
--- runRBA.gms(54) 4 Mb
--- . RBA_nuc_translation.txt(1204) 4 Mb
--- runRBA.gms(56) 4 Mb
--- . RBA_mito_translation.txt(9) 4 Mb
--- runRBA.gms(58) 4 Mb
--- . RBA_rxns_EXREV.txt(159) 4 Mb
--- runRBA.gms(60) 4 Mb
--- . RBA_rxns_EXREV_YNB.txt(27) 4 Mb
--- runRBA.gms(65) 4 Mb
--- . RBA_sij.txt(46115) 5 Mb--- . RBA_sij.txt(63266) 6 Mb--- . RBA_sij.txt(76628) 7 Mb
--- runRBA.gms(67) 7 Mb
--- . RBA_proteinLength.txt(1211) 7 Mb
--- runRBA.gms(69) 7 Mb
--- . kapps_per_hr_without_unused_rxns.txt(297) 7 Mb 1 Error
*** Error 170 in /storage/home/ejm6426/scratch/scRBA/parameterization/kapp/datasets/Yu2021_chemoClimNH4_010/kapps_per_hr_without_unused_rxns.txt
    Domain violation for element
--- . kapps_per_hr_without_unused_rxns.txt(301) 7 Mb 2 Errors
*** Error 170 in /storage/home/ejm6426/scratch/scRBA/parameterization/kapp/datasets/Yu2021_chemoClimNH4_010/kapps_per_hr_without_unused_rxns.txt
    Domain violation for element
--- . kapps_per_hr_without_unused_rxns.txt(302) 7 Mb 3 Errors
*** Error 170 in /storage/home/ejm6426/scratch/scRBA/parameterization/kapp/datasets/Yu2021_chemoClimNH4_010/kapps_per_hr_without_unused_rxns.txt
    Domain violation for element
--- . kapps_per_hr_without_unused_rxns.txt(316) 7 Mb 4 Errors
*** Error 170 in /storage/home/ejm6426/scratch/scRBA/parameterization/kapp/datasets/Yu2021_chemoClimNH4_010/kapps_per_hr_without_unused_rxns.txt
    Domain violation for element
--- . kapps_per_hr_without_unused_rxns.txt(404) 7 Mb 5 Errors
*** Error 170 in /storage/home/ejm6426/scratch/scRBA/parameterization/kapp/datasets/Yu2021_chemoClimNH4_010/kapps_per_hr_without_unused_rxns.txt
    Domain violation for element
--- . kapps_per_hr_without_unused_rxns.txt(405) 7 Mb 6 Errors
*** Error 170 in /storage/home/ejm6426/scratch/scRBA/parameterization/kapp/datasets/Yu2021_chemoClimNH4_010/kapps_per_hr_without_unused_rxns.txt
    Domain violation for element
--- . kapps_per_hr_without_unused_rxns.txt(406) 7 Mb 7 Errors
*** Error 170 in /storage/home/ejm6426/scratch/scRBA/parameterization/kapp/datasets/Yu2021_chemoClimNH4_010/kapps_per_hr_without_unused_rxns.txt
    Domain violation for element
--- . kapps_per_hr_without_unused_rxns.txt(407) 7 Mb 8 Errors
*** Error 170 in /storage/home/ejm6426/scratch/scRBA/parameterization/kapp/datasets/Yu2021_chemoClimNH4_010/kapps_per_hr_without_unused_rxns.txt
    Domain violation for element
--- . kapps_per_hr_without_unused_rxns.txt(408) 7 Mb 9 Errors
*** Error 170 in /storage/home/ejm6426/scratch/scRBA/parameterization/kapp/datasets/Yu2021_chemoClimNH4_010/kapps_per_hr_without_unused_rxns.txt
    Domain violation for element
--- . kapps_per_hr_without_unused_rxns.txt(443) 7 Mb
--- runRBA.gms(97) 7 Mb
--- . phenotype.txt(53) 7 Mb
--- runRBA.gms(111) 7 Mb
--- . RBA_enzCapacityConstraints_declares.txt(2224) 7 Mb
--- runRBA.gms(121) 7 Mb
--- . RBA_enzCapacityConstraints_eqns_equality_version.txt(2224) 7 Mb
--- runRBA.gms(126) 7 Mb
--- . RBA_enzCapacityConstraints_declares.txt(2224) 7 Mb
--- runRBA.gms(131) 7 Mb 10 Errors
*** Error 257 in /storage/home/ejm6426/scratch/scRBA/pycore/binary_search/runRBA.gms
    Solve statement not checked because of previous errors
--- runRBA.gms(145) 7 Mb 10 Errors
*** Status: Compilation error(s)
--- Job runRBA.gms Stop 05/21/24 15:19:53 elapsed 0:00:00.327
Model is infeasible at mu = 0, check model connectivity and other bugs. Terminate program.
