--- Job min_flux_violation.gms Start 05/22/25 09:37:33 42.1.0 cb854401 LEX-LEG x86 64bit/Linux
--- Applying:
    /storage/icds/RISE/sw8/gams/gams42.1_linux_x64_64_sfx/gmsprmun.txt
--- GAMS Parameters defined
    Input /storage/home/ejm6426/scratch/scRBA/parameterization/kapp/datasets/Shen2024_batchGlc_with_MFA/min_flux_violation/min_flux_violation.gms
    Output /dev/null
    ScrDir /storage/home/ejm6426/scratch/scRBA/parameterization/kapp/datasets/Shen2024_batchGlc_with_MFA/min_flux_violation/225d/
    SysDir /storage/icds/RISE/sw8/gams/gams42.1_linux_x64_64_sfx/
    --nscale 100000.0
Licensee: Single User License                            G241202|0002AO-LNX
          The Pennsylvania State University, Institute for CyberDC15032-S19
          /storage/icds/RISE/sw8/gams/gams42.1_linux_x64_64_sfx/gamslice.txt
          License Admin: Rob Groner, rug262@psu.edu                        
Processor information: 4 socket(s), 56 core(s), and 56 thread(s) available
GAMS 42.1.0   Copyright (C) 1987-2023 GAMS Development. All rights reserved
--- Starting compilation
--- min_flux_violation.gms(7) 2 Mb
--- . kapp_calc_defaults.gms(11) 2 Mb
--- .. paths.txt(2) 2 Mb
--- ... default_solver.gms(12) 2 Mb
--- call rsync -u /storage/home/ejm6426/scratch/scRBA/GAMS/cplex.opt .

--- .. paths.txt(2) 2 Mb
--- . kapp_calc_defaults.gms(20) 2 Mb
--- .. min_flux_violation_GAMS_settings.txt(2) 2 Mb
--- ... kapp_settings.txt(47) 2 Mb
--- .. min_flux_violation_GAMS_settings.txt(3) 2 Mb
--- . kapp_calc_defaults.gms(24) 2 Mb
--- .. defaults.gms(12) 2 Mb
--- ... default_paths.txt(47) 2 Mb
--- .. defaults.gms(14) 2 Mb
--- ... phenotype_default_paths.txt(11) 2 Mb
--- .. defaults.gms(33) 2 Mb
--- ... default_solver.gms(12) 2 Mb
--- call rsync -u /storage/home/ejm6426/scratch/scRBA/GAMS/cplex.opt .

--- .. defaults.gms(38) 2 Mb
--- ... default_sets.gms(3) 2 Mb
--- .... RBA_species.txt(12712) 4 Mb
--- ... default_sets.gms(5) 4 Mb
--- .... proteins.txt(4949) 5 Mb
--- ... default_sets.gms(7) 5 Mb
--- .... aa.txt(22) 5 Mb
--- ... default_sets.gms(9) 5 Mb
--- .... tRNAs.txt(22) 5 Mb
--- ... default_sets.gms(11) 5 Mb
--- .... RBA_rxns.txt(26766) 7 Mb
--- ... default_sets.gms(13) 7 Mb
--- .... genes.txt(4984) 7 Mb
--- ... default_sets.gms(15) 7 Mb
--- .... genes_expression.txt(4955) 7 Mb
--- ... default_sets.gms(15) 7 Mb--- ... default_sets.gms(17) 7 Mb
--- .... SM_rxn_ids.txt(1893) 7 Mb
--- ... default_sets.gms(19) 7 Mb
--- .... RBA_rxns_prosyn.txt(4981) 7 Mb
--- ... default_sets.gms(21) 7 Mb
--- .... proteins_and_locations.txt(4949) 8 Mb
--- ... default_sets.gms(23) 8 Mb
--- .... pro_syn_waste.txt(1847) 8 Mb--- .... pro_syn_waste.txt(9958) 9 Mb
--- ... default_sets.gms(25) 9 Mb
--- .... ribosomes.txt(4) 9 Mb
--- ... default_sets.gms(27) 9 Mb
--- .... pro_ribo_subunits.txt(211) 9 Mb
--- ... default_sets.gms(29) 9 Mb
--- .... j_ribo.txt(4) 9 Mb
--- ... default_sets.gms(31) 9 Mb
--- .... translation.txt(4980) 9 Mb
--- ... default_sets.gms(33) 9 Mb
--- .... translated_by_any_ribo.txt(3) 9 Mb
--- ... default_sets.gms(35) 9 Mb
--- .... RBA_rxns_prowaste.txt(9963) 9 Mb
--- ... default_sets.gms(37) 9 Mb
--- .... RBA_rxns_EXREV.txt(159) 9 Mb
--- ... default_sets.gms(39) 9 Mb
--- .... RBA_rxns_EXREV_YNB_RabinowitzVersion.txt(28) 9 Mb
--- ... default_sets.gms(41) 9 Mb
--- .... RBA_rxns_whole_biomass.txt(10) 9 Mb
--- ... default_sets.gms(43) 9 Mb
--- .... RBA_rxn_enzload_coupling.txt(2230) 9 Mb
--- ... default_sets.gms(44) 9 Mb
--- .. defaults.gms(43) 9 Mb
--- ... RBA_sij.txt(22669) 9 Mb--- ... RBA_sij.txt(37028) 9 Mb--- ... RBA_sij.txt(94916) 11 Mb--- ... RBA_sij.txt(108360) 12 Mb--- ... RBA_sij.txt(166254) 14 Mb--- ... RBA_sij.txt(180791) 14 Mb--- ... RBA_sij.txt(238097) 16 Mb--- ... RBA_sij.txt(250599) 18 Mb--- ... RBA_sij.txt(288565) 19 Mb
--- .. defaults.gms(45) 19 Mb
--- ... SM_RBA_rxn_pairs.txt(3402) 19 Mb
--- .. defaults.gms(49) 19 Mb
--- ... RBA_proteinLength.txt(4981) 19 Mb
--- .. defaults.gms(51) 19 Mb
--- ... null_set.txt(1) 19 Mb
--- .. defaults.gms(55) 19 Mb
--- ... kribo.txt(4) 19 Mb
--- .. defaults.gms(69) 19 Mb
--- ... SM_rxn_bounds.txt(1740) 19 Mb--- ... SM_rxn_bounds.txt(1892) 19 Mb
--- .. defaults.gms(85) 19 Mb
--- ... phenotype_default.txt(24) 19 Mb
--- .... model-version-settings.txt(3) 19 Mb
--- ... phenotype_default.txt(64) 19 Mb
--- .... phenotype.txt(34) 19 Mb
--- ... phenotype_default.txt(64) 19 Mb
--- .. defaults.gms(127) 19 Mb
--- . kapp_calc_defaults.gms(29) 19 Mb
--- .. rxns_enz_with_no_prodata.txt(2230) 19 Mb
--- . kapp_calc_defaults.gms(31) 19 Mb
--- .. RBA_rxns_rxnmetabolicnetwork.txt(3402) 19 Mb
--- . kapp_calc_defaults.gms(34) 19 Mb
--- .. RBA_rxns_enzsyn.txt(932) 19 Mb
--- . kapp_calc_defaults.gms(36) 19 Mb
--- .. RBA_rxns_enzload.txt(2230) 19 Mb
--- . kapp_calc_defaults.gms(38) 19 Mb
--- .. enzload_enz_with_no_prodata.txt(2230) 19 Mb
--- . kapp_calc_defaults.gms(40) 19 Mb
--- .. sm_j_lumped.txt(26) 19 Mb
--- . kapp_calc_defaults.gms(47) 19 Mb
--- .. v_exp_pro.txt(3) 19 Mb 1 Error
*** Error 170 in /storage/home/ejm6426/scratch/scRBA/parameterization/kapp/datasets/Shen2024_batchGlc_with_MFA/v_exp_pro.txt
    Domain violation for element
--- .. v_exp_pro.txt(4) 19 Mb 2 Errors
*** Error 170 in /storage/home/ejm6426/scratch/scRBA/parameterization/kapp/datasets/Shen2024_batchGlc_with_MFA/v_exp_pro.txt
    Domain violation for element
--- .. v_exp_pro.txt(5) 19 Mb 3 Errors
*** Error 170 in /storage/home/ejm6426/scratch/scRBA/parameterization/kapp/datasets/Shen2024_batchGlc_with_MFA/v_exp_pro.txt
    Domain violation for element
--- .. v_exp_pro.txt(6) 19 Mb 4 Errors
*** Error 170 in /storage/home/ejm6426/scratch/scRBA/parameterization/kapp/datasets/Shen2024_batchGlc_with_MFA/v_exp_pro.txt
    Domain violation for element
--- .. v_exp_pro.txt(8) 19 Mb 5 Errors
*** Error 170 in /storage/home/ejm6426/scratch/scRBA/parameterization/kapp/datasets/Shen2024_batchGlc_with_MFA/v_exp_pro.txt
    Domain violation for element
--- .. v_exp_pro.txt(4779) 20 Mb
--- . kapp_calc_defaults.gms(49) 20 Mb
--- .. v_exp_lb.txt(363) 20 Mb
--- . kapp_calc_defaults.gms(51) 20 Mb
--- .. v_exp_ub.txt(363) 20 Mb
--- . kapp_calc_defaults.gms(53) 20 Mb
--- .. sm_j_lumped_mappings.txt(25) 20 Mb
--- . kapp_calc_defaults.gms(96) 20 Mb
--- min_flux_violation.gms(12) 20 Mb 6 Errors
*** Error 257 in /storage/home/ejm6426/scratch/scRBA/parameterization/kapp/datasets/Shen2024_batchGlc_with_MFA/min_flux_violation/min_flux_violation.gms
    Solve statement not checked because of previous errors
--- min_flux_violation.gms(15) 20 Mb 7 Errors
*** Error 141 in /storage/home/ejm6426/scratch/scRBA/parameterization/kapp/datasets/Shen2024_batchGlc_with_MFA/min_flux_violation/min_flux_violation.gms
    Symbol declared but no values have been assigned. Check for missing
       data definition, assignment, data loading or implicit assignment
       via a solve statement.
       A wild shot: You may have spurious commas in the explanatory
       text of a declaration. Check symbol reference list.
--- min_flux_violation.gms(17) 20 Mb 8 Errors
*** Error 257 in /storage/home/ejm6426/scratch/scRBA/parameterization/kapp/datasets/Shen2024_batchGlc_with_MFA/min_flux_violation/min_flux_violation.gms
    Solve statement not checked because of previous errors
--- min_flux_violation.gms(20) 20 Mb 9 Errors
*** Error 141 in /storage/home/ejm6426/scratch/scRBA/parameterization/kapp/datasets/Shen2024_batchGlc_with_MFA/min_flux_violation/min_flux_violation.gms
    Symbol declared but no values have been assigned. Check for missing
       data definition, assignment, data loading or implicit assignment
       via a solve statement.
       A wild shot: You may have spurious commas in the explanatory
       text of a declaration. Check symbol reference list.
--- min_flux_violation.gms(22) 20 Mb 10 Errors
*** Error 257 in /storage/home/ejm6426/scratch/scRBA/parameterization/kapp/datasets/Shen2024_batchGlc_with_MFA/min_flux_violation/min_flux_violation.gms
    Solve statement not checked because of previous errors
--- min_flux_violation.gms(28) 20 Mb 11 Errors
*** Error 141 in /storage/home/ejm6426/scratch/scRBA/parameterization/kapp/datasets/Shen2024_batchGlc_with_MFA/min_flux_violation/min_flux_violation.gms
    Symbol declared but no values have been assigned. Check for missing
       data definition, assignment, data loading or implicit assignment
       via a solve statement.
       A wild shot: You may have spurious commas in the explanatory
       text of a declaration. Check symbol reference list.
--- min_flux_violation.gms(30) 20 Mb 12 Errors
*** Error 257 in /storage/home/ejm6426/scratch/scRBA/parameterization/kapp/datasets/Shen2024_batchGlc_with_MFA/min_flux_violation/min_flux_violation.gms
    Solve statement not checked because of previous errors
--- min_flux_violation.gms(34) 20 Mb 13 Errors
*** Error 141 in /storage/home/ejm6426/scratch/scRBA/parameterization/kapp/datasets/Shen2024_batchGlc_with_MFA/min_flux_violation/min_flux_violation.gms
    Symbol declared but no values have been assigned. Check for missing
       data definition, assignment, data loading or implicit assignment
       via a solve statement.
       A wild shot: You may have spurious commas in the explanatory
       text of a declaration. Check symbol reference list.
--- min_flux_violation.gms(172) 20 Mb 13 Errors
*** Status: Compilation error(s)
--- Job min_flux_violation.gms Stop 05/22/25 09:37:34 elapsed 0:00:01.541
/storage/home/ejm6426/.conda/envs/rba/lib/python3.12/site-packages/numpy/core/fromnumeric.py:3504: RuntimeWarning: Mean of empty slice.
  return _methods._mean(a, axis=axis, dtype=dtype,
/storage/home/ejm6426/.conda/envs/rba/lib/python3.12/site-packages/numpy/core/_methods.py:129: RuntimeWarning: invalid value encountered in scalar divide
  ret = ret.dtype.type(ret / rcount)
Traceback (most recent call last):
  File "/scratch/ejm6426/scRBA/parameterization/kapp/datasets/Shen2024_batchGlc_with_MFA/B2_min_flux_violation.py", line 143, in <module>
    kapp_max = float(max(list(min_kapps.values())))
                     ^^^^^^^^^^^^^^^^^^^^^^^^^^^^^
ValueError: max() iterable argument is empty
